2017-04-22 11:52:59.892 [main] INFO  com.example.DemoApplication -Starting DemoApplication v0.0.1-SNAPSHOT on ZeqiangdeMBP.lan with PID 2017 (/myfile/git/major/target/demo-0.0.1-SNAPSHOT.jar started by zqLuo in /myfile/git/major/target)
2017-04-22 11:52:59.896 [main] INFO  com.example.DemoApplication -No active profile set, falling back to default profiles: default
2017-04-22 11:53:00.350 [main] INFO  o.s.b.c.e.AnnotationConfigEmbeddedWebApplicationContext -Refreshing org.springframework.boot.context.embedded.AnnotationConfigEmbeddedWebApplicationContext@7e0b37bc: startup date [Sat Apr 22 11:53:00 CST 2017]; root of context hierarchy
2017-04-22 11:53:02.425 [main] INFO  o.s.c.s.PostProcessorRegistrationDelegate$BeanPostProcessorChecker -Bean 'org.springframework.transaction.annotation.ProxyTransactionManagementConfiguration' of type [org.springframework.transaction.annotation.ProxyTransactionManagementConfiguration$$EnhancerBySpringCGLIB$$dfbee17e] is not eligible for getting processed by all BeanPostProcessors (for example: not eligible for auto-proxying)
2017-04-22 11:53:02.491 [main] INFO  o.s.c.s.PostProcessorRegistrationDelegate$BeanPostProcessorChecker -Bean 'org.springframework.security.config.annotation.configuration.ObjectPostProcessorConfiguration' of type [org.springframework.security.config.annotation.configuration.ObjectPostProcessorConfiguration$$EnhancerBySpringCGLIB$$786ca9b8] is not eligible for getting processed by all BeanPostProcessors (for example: not eligible for auto-proxying)
2017-04-22 11:53:02.505 [main] INFO  o.s.c.s.PostProcessorRegistrationDelegate$BeanPostProcessorChecker -Bean 'objectPostProcessor' of type [org.springframework.security.config.annotation.configuration.AutowireBeanFactoryObjectPostProcessor] is not eligible for getting processed by all BeanPostProcessors (for example: not eligible for auto-proxying)
2017-04-22 11:53:02.510 [main] INFO  o.s.c.s.PostProcessorRegistrationDelegate$BeanPostProcessorChecker -Bean 'org.springframework.security.access.expression.method.DefaultMethodSecurityExpressionHandler@60d8c9b7' of type [org.springframework.security.oauth2.provider.expression.OAuth2MethodSecurityExpressionHandler] is not eligible for getting processed by all BeanPostProcessors (for example: not eligible for auto-proxying)
2017-04-22 11:53:02.522 [main] INFO  o.s.c.s.PostProcessorRegistrationDelegate$BeanPostProcessorChecker -Bean 'org.springframework.security.config.annotation.method.configuration.GlobalMethodSecurityConfiguration' of type [org.springframework.security.config.annotation.method.configuration.GlobalMethodSecurityConfiguration$$EnhancerBySpringCGLIB$$9d414c6a] is not eligible for getting processed by all BeanPostProcessors (for example: not eligible for auto-proxying)
2017-04-22 11:53:02.540 [main] INFO  o.s.c.s.PostProcessorRegistrationDelegate$BeanPostProcessorChecker -Bean 'methodSecurityMetadataSource' of type [org.springframework.security.access.method.DelegatingMethodSecurityMetadataSource] is not eligible for getting processed by all BeanPostProcessors (for example: not eligible for auto-proxying)
2017-04-22 11:53:03.062 [main] INFO  o.s.b.c.e.t.TomcatEmbeddedServletContainer -Tomcat initialized with port(s): 9000 (http)
2017-04-22 11:53:03.088 [main] INFO  o.a.catalina.core.StandardService -Starting service Tomcat
2017-04-22 11:53:03.090 [main] INFO  o.a.catalina.core.StandardEngine -Starting Servlet Engine: Apache Tomcat/8.5.11
2017-04-22 11:53:03.246 [localhost-startStop-1] INFO  o.a.c.c.C.[Tomcat].[localhost].[/] -Initializing Spring embedded WebApplicationContext
2017-04-22 11:53:03.247 [localhost-startStop-1] INFO  o.s.web.context.ContextLoader -Root WebApplicationContext: initialization completed in 2897 ms
2017-04-22 11:53:03.590 [localhost-startStop-1] INFO  o.s.b.w.s.FilterRegistrationBean -Mapping filter: 'characterEncodingFilter' to: [/*]
2017-04-22 11:53:03.591 [localhost-startStop-1] INFO  o.s.b.w.s.FilterRegistrationBean -Mapping filter: 'hiddenHttpMethodFilter' to: [/*]
2017-04-22 11:53:03.591 [localhost-startStop-1] INFO  o.s.b.w.s.FilterRegistrationBean -Mapping filter: 'httpPutFormContentFilter' to: [/*]
2017-04-22 11:53:03.591 [localhost-startStop-1] INFO  o.s.b.w.s.FilterRegistrationBean -Mapping filter: 'requestContextFilter' to: [/*]
2017-04-22 11:53:03.593 [localhost-startStop-1] INFO  o.s.b.w.s.DelegatingFilterProxyRegistrationBean -Mapping filter: 'springSecurityFilterChain' to: [/*]
2017-04-22 11:53:03.594 [localhost-startStop-1] INFO  o.s.b.w.s.ServletRegistrationBean -Mapping servlet: 'dispatcherServlet' to [/]
2017-04-22 11:53:04.380 [main] INFO  o.s.o.j.LocalContainerEntityManagerFactoryBean -Building JPA container EntityManagerFactory for persistence unit 'default'
2017-04-22 11:53:04.570 [main] INFO  o.h.jpa.internal.util.LogHelper -HHH000204: Processing PersistenceUnitInfo [
	name: default
	...]
2017-04-22 11:53:04.712 [main] INFO  org.hibernate.Version -HHH000412: Hibernate Core {5.0.12.Final}
2017-04-22 11:53:04.715 [main] INFO  org.hibernate.cfg.Environment -HHH000206: hibernate.properties not found
2017-04-22 11:53:04.718 [main] INFO  org.hibernate.cfg.Environment -HHH000021: Bytecode provider name : javassist
2017-04-22 11:53:04.790 [main] INFO  o.h.annotations.common.Version -HCANN000001: Hibernate Commons Annotations {5.0.1.Final}
2017-04-22 11:53:05.080 [main] INFO  org.hibernate.dialect.Dialect -HHH000400: Using dialect: org.hibernate.dialect.MySQL5Dialect
2017-04-22 11:53:05.798 [main] INFO  o.h.tool.hbm2ddl.SchemaUpdate -HHH000228: Running hbm2ddl schema update
2017-04-22 11:53:05.940 [main] INFO  o.s.o.j.LocalContainerEntityManagerFactoryBean -Initialized JPA EntityManagerFactory for persistence unit 'default'
2017-04-22 11:53:06.712 [main] INFO  o.h.h.i.QueryTranslatorFactoryInitiator -HHH000397: Using ASTQueryTranslatorFactory
2017-04-22 11:53:07.344 [main] INFO  o.s.w.s.m.m.a.RequestMappingHandlerAdapter -Looking for @ControllerAdvice: org.springframework.boot.context.embedded.AnnotationConfigEmbeddedWebApplicationContext@7e0b37bc: startup date [Sat Apr 22 11:53:00 CST 2017]; root of context hierarchy
2017-04-22 11:53:07.466 [main] INFO  o.s.w.s.m.m.a.RequestMappingHandlerMapping -Mapped "{[/expressQuery/showapiExpInfo]}" onto public com.example.API.express.ShowapiExpInfo com.example.API.express.ExpressQueryController.showapiExpInfo(java.lang.String,java.lang.String)
2017-04-22 11:53:07.467 [main] INFO  o.s.w.s.m.m.a.RequestMappingHandlerMapping -Mapped "{[/expressQuery/fetchCom]}" onto public com.example.API.express.FetchCom com.example.API.express.ExpressQueryController.fetchCom(java.lang.String)
2017-04-22 11:53:07.468 [main] INFO  o.s.w.s.m.m.a.RequestMappingHandlerMapping -Mapped "{[/expressQuery/expressList]}" onto public com.example.API.express.ExpressList com.example.API.express.ExpressQueryController.expressList(java.lang.String,java.lang.String,java.lang.String)
2017-04-22 11:53:07.469 [main] INFO  o.s.w.s.m.m.a.RequestMappingHandlerMapping -Mapped "{[/]}" onto public java.lang.String com.example.controller.IndexController.root()
2017-04-22 11:53:07.470 [main] INFO  o.s.w.s.m.m.a.RequestMappingHandlerMapping -Mapped "{[/403]}" onto public java.lang.String com.example.controller.IndexController.error()
2017-04-22 11:53:07.470 [main] INFO  o.s.w.s.m.m.a.RequestMappingHandlerMapping -Mapped "{[/home]}" onto public java.lang.String com.example.controller.IndexController.home()
2017-04-22 11:53:07.470 [main] INFO  o.s.w.s.m.m.a.RequestMappingHandlerMapping -Mapped "{[/admin],methods=[POST]}" onto public java.lang.String com.example.controller.IndexController.toAdmin()
2017-04-22 11:53:07.471 [main] INFO  o.s.w.s.m.m.a.RequestMappingHandlerMapping -Mapped "{[/hello]}" onto public java.lang.String com.example.controller.IndexController.hello()
2017-04-22 11:53:07.471 [main] INFO  o.s.w.s.m.m.a.RequestMappingHandlerMapping -Mapped "{[/login]}" onto public java.lang.String com.example.controller.IndexController.login()
2017-04-22 11:53:07.474 [main] INFO  o.s.w.s.m.m.a.RequestMappingHandlerMapping -Mapped "{[/error]}" onto public org.springframework.http.ResponseEntity<java.util.Map<java.lang.String, java.lang.Object>> org.springframework.boot.autoconfigure.web.BasicErrorController.error(javax.servlet.http.HttpServletRequest)
2017-04-22 11:53:07.475 [main] INFO  o.s.w.s.m.m.a.RequestMappingHandlerMapping -Mapped "{[/error],produces=[text/html]}" onto public org.springframework.web.servlet.ModelAndView org.springframework.boot.autoconfigure.web.BasicErrorController.errorHtml(javax.servlet.http.HttpServletRequest,javax.servlet.http.HttpServletResponse)
2017-04-22 11:53:07.548 [main] INFO  o.s.w.s.h.SimpleUrlHandlerMapping -Mapped URL path [/webjars/**] onto handler of type [class org.springframework.web.servlet.resource.ResourceHttpRequestHandler]
2017-04-22 11:53:07.549 [main] INFO  o.s.w.s.h.SimpleUrlHandlerMapping -Mapped URL path [/**] onto handler of type [class org.springframework.web.servlet.resource.ResourceHttpRequestHandler]
2017-04-22 11:53:07.626 [main] INFO  o.s.w.s.h.SimpleUrlHandlerMapping -Mapped URL path [/**/favicon.ico] onto handler of type [class org.springframework.web.servlet.resource.ResourceHttpRequestHandler]
2017-04-22 11:53:08.413 [main] INFO  o.s.s.web.DefaultSecurityFilterChain -Creating filter chain: OrRequestMatcher [requestMatchers=[Ant [pattern='/css/**'], Ant [pattern='/js/**'], Ant [pattern='/images/**'], Ant [pattern='/webjars/**'], Ant [pattern='/**/favicon.ico'], Ant [pattern='/error']]], []
2017-04-22 11:53:08.538 [main] INFO  o.s.s.web.DefaultSecurityFilterChain -Creating filter chain: org.springframework.security.web.util.matcher.AnyRequestMatcher@1, [org.springframework.security.web.context.request.async.WebAsyncManagerIntegrationFilter@4204541c, org.springframework.security.web.context.SecurityContextPersistenceFilter@64337702, org.springframework.security.web.header.HeaderWriterFilter@2f058b8a, org.springframework.security.web.csrf.CsrfFilter@3d08f3f5, org.springframework.security.web.authentication.logout.LogoutFilter@2a65bb85, org.springframework.security.web.authentication.UsernamePasswordAuthenticationFilter@2ce86164, org.springframework.security.web.savedrequest.RequestCacheAwareFilter@41a90fa8, org.springframework.security.web.servletapi.SecurityContextHolderAwareRequestFilter@117e0fe5, org.springframework.security.web.authentication.AnonymousAuthenticationFilter@6a62689d, org.springframework.security.web.session.SessionManagementFilter@3f2ef586, org.springframework.security.web.access.ExceptionTranslationFilter@7fd4acee, org.springframework.security.web.access.intercept.FilterSecurityInterceptor@1c98290c]
2017-04-22 11:53:08.563 [main] INFO  o.s.s.web.DefaultSecurityFilterChain -Creating filter chain: OrRequestMatcher [requestMatchers=[Ant [pattern='/**']]], [org.springframework.security.web.context.request.async.WebAsyncManagerIntegrationFilter@5f3b9c57, org.springframework.security.web.context.SecurityContextPersistenceFilter@6865c751, org.springframework.security.web.header.HeaderWriterFilter@6d1d4d7, org.springframework.security.web.authentication.logout.LogoutFilter@1d71006f, org.springframework.security.web.authentication.www.BasicAuthenticationFilter@5b6813df, org.springframework.security.web.savedrequest.RequestCacheAwareFilter@62679465, org.springframework.security.web.servletapi.SecurityContextHolderAwareRequestFilter@6a988392, org.springframework.security.web.authentication.AnonymousAuthenticationFilter@1e044120, org.springframework.security.web.session.SessionManagementFilter@89ff02e, org.springframework.security.web.access.ExceptionTranslationFilter@533b266e, org.springframework.security.web.access.intercept.FilterSecurityInterceptor@33352f32]
2017-04-22 11:53:08.745 [main] INFO  o.s.j.e.a.AnnotationMBeanExporter -Registering beans for JMX exposure on startup
2017-04-22 11:53:08.822 [main] INFO  o.s.b.c.e.t.TomcatEmbeddedServletContainer -Tomcat started on port(s): 9000 (http)
2017-04-22 11:53:08.829 [main] INFO  com.example.DemoApplication -Started DemoApplication in 9.429 seconds (JVM running for 10.175)
2017-04-22 11:53:15.169 [http-nio-9000-exec-1] INFO  o.a.c.c.C.[Tomcat].[localhost].[/] -Initializing Spring FrameworkServlet 'dispatcherServlet'
2017-04-22 11:53:15.170 [http-nio-9000-exec-1] INFO  o.s.web.servlet.DispatcherServlet -FrameworkServlet 'dispatcherServlet': initialization started
2017-04-22 11:53:15.188 [http-nio-9000-exec-1] INFO  o.s.web.servlet.DispatcherServlet -FrameworkServlet 'dispatcherServlet': initialization completed in 18 ms
2017-04-22 11:53:44.613 [Thread-4] INFO  o.s.b.c.e.AnnotationConfigEmbeddedWebApplicationContext -Closing org.springframework.boot.context.embedded.AnnotationConfigEmbeddedWebApplicationContext@7e0b37bc: startup date [Sat Apr 22 11:53:00 CST 2017]; root of context hierarchy
2017-04-22 11:53:44.617 [Thread-4] INFO  o.s.j.e.a.AnnotationMBeanExporter -Unregistering JMX-exposed beans on shutdown
2017-04-22 11:53:44.619 [Thread-4] INFO  o.s.o.j.LocalContainerEntityManagerFactoryBean -Closing JPA EntityManagerFactory for persistence unit 'default'
2017-04-22 16:48:40.057 [main] INFO  com.example.DemoApplication -Starting DemoApplication v0.0.1-SNAPSHOT on ZeqiangdeMBP.lan with PID 3628 (/myfile/git/major/target/demo-0.0.1-SNAPSHOT.jar started by zqLuo in /myfile/git/major/target)
2017-04-22 16:48:40.062 [main] INFO  com.example.DemoApplication -No active profile set, falling back to default profiles: default
2017-04-22 16:48:40.474 [main] INFO  o.s.b.c.e.AnnotationConfigEmbeddedWebApplicationContext -Refreshing org.springframework.boot.context.embedded.AnnotationConfigEmbeddedWebApplicationContext@7e0b37bc: startup date [Sat Apr 22 16:48:40 CST 2017]; root of context hierarchy
2017-04-22 16:48:42.620 [main] INFO  o.s.c.s.PostProcessorRegistrationDelegate$BeanPostProcessorChecker -Bean 'org.springframework.transaction.annotation.ProxyTransactionManagementConfiguration' of type [org.springframework.transaction.annotation.ProxyTransactionManagementConfiguration$$EnhancerBySpringCGLIB$$dfbee17e] is not eligible for getting processed by all BeanPostProcessors (for example: not eligible for auto-proxying)
2017-04-22 16:48:42.701 [main] INFO  o.s.c.s.PostProcessorRegistrationDelegate$BeanPostProcessorChecker -Bean 'org.springframework.security.config.annotation.configuration.ObjectPostProcessorConfiguration' of type [org.springframework.security.config.annotation.configuration.ObjectPostProcessorConfiguration$$EnhancerBySpringCGLIB$$786ca9b8] is not eligible for getting processed by all BeanPostProcessors (for example: not eligible for auto-proxying)
2017-04-22 16:48:42.714 [main] INFO  o.s.c.s.PostProcessorRegistrationDelegate$BeanPostProcessorChecker -Bean 'objectPostProcessor' of type [org.springframework.security.config.annotation.configuration.AutowireBeanFactoryObjectPostProcessor] is not eligible for getting processed by all BeanPostProcessors (for example: not eligible for auto-proxying)
2017-04-22 16:48:42.719 [main] INFO  o.s.c.s.PostProcessorRegistrationDelegate$BeanPostProcessorChecker -Bean 'org.springframework.security.access.expression.method.DefaultMethodSecurityExpressionHandler@60d8c9b7' of type [org.springframework.security.oauth2.provider.expression.OAuth2MethodSecurityExpressionHandler] is not eligible for getting processed by all BeanPostProcessors (for example: not eligible for auto-proxying)
2017-04-22 16:48:42.730 [main] INFO  o.s.c.s.PostProcessorRegistrationDelegate$BeanPostProcessorChecker -Bean 'org.springframework.security.config.annotation.method.configuration.GlobalMethodSecurityConfiguration' of type [org.springframework.security.config.annotation.method.configuration.GlobalMethodSecurityConfiguration$$EnhancerBySpringCGLIB$$9d414c6a] is not eligible for getting processed by all BeanPostProcessors (for example: not eligible for auto-proxying)
2017-04-22 16:48:42.747 [main] INFO  o.s.c.s.PostProcessorRegistrationDelegate$BeanPostProcessorChecker -Bean 'methodSecurityMetadataSource' of type [org.springframework.security.access.method.DelegatingMethodSecurityMetadataSource] is not eligible for getting processed by all BeanPostProcessors (for example: not eligible for auto-proxying)
2017-04-22 16:48:43.190 [main] INFO  o.s.b.c.e.t.TomcatEmbeddedServletContainer -Tomcat initialized with port(s): 9000 (http)
2017-04-22 16:48:43.206 [main] INFO  o.a.catalina.core.StandardService -Starting service Tomcat
2017-04-22 16:48:43.208 [main] INFO  o.a.catalina.core.StandardEngine -Starting Servlet Engine: Apache Tomcat/8.5.11
2017-04-22 16:48:43.345 [localhost-startStop-1] INFO  o.a.c.c.C.[Tomcat].[localhost].[/] -Initializing Spring embedded WebApplicationContext
2017-04-22 16:48:43.345 [localhost-startStop-1] INFO  o.s.web.context.ContextLoader -Root WebApplicationContext: initialization completed in 2872 ms
2017-04-22 16:48:43.661 [localhost-startStop-1] INFO  o.s.b.w.s.FilterRegistrationBean -Mapping filter: 'characterEncodingFilter' to: [/*]
2017-04-22 16:48:43.661 [localhost-startStop-1] INFO  o.s.b.w.s.FilterRegistrationBean -Mapping filter: 'hiddenHttpMethodFilter' to: [/*]
2017-04-22 16:48:43.662 [localhost-startStop-1] INFO  o.s.b.w.s.FilterRegistrationBean -Mapping filter: 'httpPutFormContentFilter' to: [/*]
2017-04-22 16:48:43.662 [localhost-startStop-1] INFO  o.s.b.w.s.FilterRegistrationBean -Mapping filter: 'requestContextFilter' to: [/*]
2017-04-22 16:48:43.663 [localhost-startStop-1] INFO  o.s.b.w.s.DelegatingFilterProxyRegistrationBean -Mapping filter: 'springSecurityFilterChain' to: [/*]
2017-04-22 16:48:43.664 [localhost-startStop-1] INFO  o.s.b.w.s.ServletRegistrationBean -Mapping servlet: 'dispatcherServlet' to [/]
2017-04-22 16:48:44.503 [main] INFO  o.s.o.j.LocalContainerEntityManagerFactoryBean -Building JPA container EntityManagerFactory for persistence unit 'default'
2017-04-22 16:48:44.674 [main] INFO  o.h.jpa.internal.util.LogHelper -HHH000204: Processing PersistenceUnitInfo [
	name: default
	...]
2017-04-22 16:48:44.834 [main] INFO  org.hibernate.Version -HHH000412: Hibernate Core {5.0.12.Final}
2017-04-22 16:48:44.836 [main] INFO  org.hibernate.cfg.Environment -HHH000206: hibernate.properties not found
2017-04-22 16:48:44.839 [main] INFO  org.hibernate.cfg.Environment -HHH000021: Bytecode provider name : javassist
2017-04-22 16:48:44.897 [main] INFO  o.h.annotations.common.Version -HCANN000001: Hibernate Commons Annotations {5.0.1.Final}
2017-04-22 16:48:45.146 [main] INFO  org.hibernate.dialect.Dialect -HHH000400: Using dialect: org.hibernate.dialect.MySQL5Dialect
2017-04-22 16:48:45.798 [main] INFO  o.h.tool.hbm2ddl.SchemaUpdate -HHH000228: Running hbm2ddl schema update
2017-04-22 16:48:45.917 [main] INFO  o.s.o.j.LocalContainerEntityManagerFactoryBean -Initialized JPA EntityManagerFactory for persistence unit 'default'
2017-04-22 16:48:46.767 [main] INFO  o.h.h.i.QueryTranslatorFactoryInitiator -HHH000397: Using ASTQueryTranslatorFactory
2017-04-22 16:48:47.396 [main] INFO  o.s.w.s.m.m.a.RequestMappingHandlerAdapter -Looking for @ControllerAdvice: org.springframework.boot.context.embedded.AnnotationConfigEmbeddedWebApplicationContext@7e0b37bc: startup date [Sat Apr 22 16:48:40 CST 2017]; root of context hierarchy
2017-04-22 16:48:47.527 [main] INFO  o.s.w.s.m.m.a.RequestMappingHandlerMapping -Mapped "{[/expressQuery/showapiExpInfo]}" onto public com.example.API.express.ShowapiExpInfo com.example.API.express.ExpressQueryController.showapiExpInfo(java.lang.String,java.lang.String)
2017-04-22 16:48:47.528 [main] INFO  o.s.w.s.m.m.a.RequestMappingHandlerMapping -Mapped "{[/expressQuery/fetchCom]}" onto public com.example.API.express.FetchCom com.example.API.express.ExpressQueryController.fetchCom(java.lang.String)
2017-04-22 16:48:47.529 [main] INFO  o.s.w.s.m.m.a.RequestMappingHandlerMapping -Mapped "{[/expressQuery/expressList]}" onto public com.example.API.express.ExpressList com.example.API.express.ExpressQueryController.expressList(java.lang.String,java.lang.String,java.lang.String)
2017-04-22 16:48:47.530 [main] INFO  o.s.w.s.m.m.a.RequestMappingHandlerMapping -Mapped "{[/]}" onto public java.lang.String com.example.controller.IndexController.root()
2017-04-22 16:48:47.531 [main] INFO  o.s.w.s.m.m.a.RequestMappingHandlerMapping -Mapped "{[/403]}" onto public java.lang.String com.example.controller.IndexController.error()
2017-04-22 16:48:47.531 [main] INFO  o.s.w.s.m.m.a.RequestMappingHandlerMapping -Mapped "{[/home]}" onto public java.lang.String com.example.controller.IndexController.home()
2017-04-22 16:48:47.532 [main] INFO  o.s.w.s.m.m.a.RequestMappingHandlerMapping -Mapped "{[/admin],methods=[POST]}" onto public java.lang.String com.example.controller.IndexController.toAdmin()
2017-04-22 16:48:47.532 [main] INFO  o.s.w.s.m.m.a.RequestMappingHandlerMapping -Mapped "{[/login]}" onto public java.lang.String com.example.controller.IndexController.login()
2017-04-22 16:48:47.532 [main] INFO  o.s.w.s.m.m.a.RequestMappingHandlerMapping -Mapped "{[/hello]}" onto public java.lang.String com.example.controller.IndexController.hello()
2017-04-22 16:48:47.535 [main] INFO  o.s.w.s.m.m.a.RequestMappingHandlerMapping -Mapped "{[/error]}" onto public org.springframework.http.ResponseEntity<java.util.Map<java.lang.String, java.lang.Object>> org.springframework.boot.autoconfigure.web.BasicErrorController.error(javax.servlet.http.HttpServletRequest)
2017-04-22 16:48:47.536 [main] INFO  o.s.w.s.m.m.a.RequestMappingHandlerMapping -Mapped "{[/error],produces=[text/html]}" onto public org.springframework.web.servlet.ModelAndView org.springframework.boot.autoconfigure.web.BasicErrorController.errorHtml(javax.servlet.http.HttpServletRequest,javax.servlet.http.HttpServletResponse)
2017-04-22 16:48:47.617 [main] INFO  o.s.w.s.h.SimpleUrlHandlerMapping -Mapped URL path [/webjars/**] onto handler of type [class org.springframework.web.servlet.resource.ResourceHttpRequestHandler]
2017-04-22 16:48:47.617 [main] INFO  o.s.w.s.h.SimpleUrlHandlerMapping -Mapped URL path [/**] onto handler of type [class org.springframework.web.servlet.resource.ResourceHttpRequestHandler]
2017-04-22 16:48:47.696 [main] INFO  o.s.w.s.h.SimpleUrlHandlerMapping -Mapped URL path [/**/favicon.ico] onto handler of type [class org.springframework.web.servlet.resource.ResourceHttpRequestHandler]
2017-04-22 16:48:48.475 [main] INFO  o.s.s.web.DefaultSecurityFilterChain -Creating filter chain: OrRequestMatcher [requestMatchers=[Ant [pattern='/css/**'], Ant [pattern='/js/**'], Ant [pattern='/images/**'], Ant [pattern='/webjars/**'], Ant [pattern='/**/favicon.ico'], Ant [pattern='/error']]], []
2017-04-22 16:48:48.630 [main] INFO  o.s.s.web.DefaultSecurityFilterChain -Creating filter chain: org.springframework.security.web.util.matcher.AnyRequestMatcher@1, [org.springframework.security.web.context.request.async.WebAsyncManagerIntegrationFilter@4204541c, org.springframework.security.web.context.SecurityContextPersistenceFilter@64337702, org.springframework.security.web.header.HeaderWriterFilter@2f058b8a, org.springframework.security.web.csrf.CsrfFilter@3d08f3f5, org.springframework.security.web.authentication.logout.LogoutFilter@2a65bb85, org.springframework.security.web.authentication.UsernamePasswordAuthenticationFilter@2ce86164, org.springframework.security.web.savedrequest.RequestCacheAwareFilter@41a90fa8, org.springframework.security.web.servletapi.SecurityContextHolderAwareRequestFilter@117e0fe5, org.springframework.security.web.authentication.AnonymousAuthenticationFilter@6a62689d, org.springframework.security.web.session.SessionManagementFilter@3f2ef586, org.springframework.security.web.access.ExceptionTranslationFilter@7fd4acee, org.springframework.security.web.access.intercept.FilterSecurityInterceptor@1c98290c]
2017-04-22 16:48:48.661 [main] INFO  o.s.s.web.DefaultSecurityFilterChain -Creating filter chain: OrRequestMatcher [requestMatchers=[Ant [pattern='/**']]], [org.springframework.security.web.context.request.async.WebAsyncManagerIntegrationFilter@5f3b9c57, org.springframework.security.web.context.SecurityContextPersistenceFilter@6865c751, org.springframework.security.web.header.HeaderWriterFilter@6d1d4d7, org.springframework.security.web.authentication.logout.LogoutFilter@1d71006f, org.springframework.security.web.authentication.www.BasicAuthenticationFilter@5b6813df, org.springframework.security.web.savedrequest.RequestCacheAwareFilter@62679465, org.springframework.security.web.servletapi.SecurityContextHolderAwareRequestFilter@6a988392, org.springframework.security.web.authentication.AnonymousAuthenticationFilter@1e044120, org.springframework.security.web.session.SessionManagementFilter@89ff02e, org.springframework.security.web.access.ExceptionTranslationFilter@533b266e, org.springframework.security.web.access.intercept.FilterSecurityInterceptor@33352f32]
2017-04-22 16:48:48.866 [main] INFO  o.s.j.e.a.AnnotationMBeanExporter -Registering beans for JMX exposure on startup
2017-04-22 16:48:48.948 [main] INFO  o.s.b.c.e.t.TomcatEmbeddedServletContainer -Tomcat started on port(s): 9000 (http)
2017-04-22 16:48:48.955 [main] INFO  com.example.DemoApplication -Started DemoApplication in 9.375 seconds (JVM running for 10.143)
2017-04-22 16:48:54.880 [http-nio-9000-exec-1] INFO  o.a.c.c.C.[Tomcat].[localhost].[/] -Initializing Spring FrameworkServlet 'dispatcherServlet'
2017-04-22 16:48:54.882 [http-nio-9000-exec-1] INFO  o.s.web.servlet.DispatcherServlet -FrameworkServlet 'dispatcherServlet': initialization started
2017-04-22 16:48:54.905 [http-nio-9000-exec-1] INFO  o.s.web.servlet.DispatcherServlet -FrameworkServlet 'dispatcherServlet': initialization completed in 23 ms
2017-04-22 16:50:14.200 [Thread-4] INFO  o.s.b.c.e.AnnotationConfigEmbeddedWebApplicationContext -Closing org.springframework.boot.context.embedded.AnnotationConfigEmbeddedWebApplicationContext@7e0b37bc: startup date [Sat Apr 22 16:48:40 CST 2017]; root of context hierarchy
2017-04-22 16:50:14.203 [Thread-4] INFO  o.s.j.e.a.AnnotationMBeanExporter -Unregistering JMX-exposed beans on shutdown
2017-04-22 16:50:14.204 [Thread-4] INFO  o.s.o.j.LocalContainerEntityManagerFactoryBean -Closing JPA EntityManagerFactory for persistence unit 'default'
2017-04-22 16:50:20.106 [main] INFO  com.example.DemoApplication -Starting DemoApplication v0.0.1-SNAPSHOT on ZeqiangdeMBP.lan with PID 3630 (/myfile/git/major/target/demo-0.0.1-SNAPSHOT.jar started by zqLuo in /myfile/git/major/target)
2017-04-22 16:50:20.111 [main] INFO  com.example.DemoApplication -No active profile set, falling back to default profiles: default
2017-04-22 16:50:20.548 [main] INFO  o.s.b.c.e.AnnotationConfigEmbeddedWebApplicationContext -Refreshing org.springframework.boot.context.embedded.AnnotationConfigEmbeddedWebApplicationContext@7e0b37bc: startup date [Sat Apr 22 16:50:20 CST 2017]; root of context hierarchy
2017-04-22 16:50:22.657 [main] INFO  o.s.c.s.PostProcessorRegistrationDelegate$BeanPostProcessorChecker -Bean 'org.springframework.transaction.annotation.ProxyTransactionManagementConfiguration' of type [org.springframework.transaction.annotation.ProxyTransactionManagementConfiguration$$EnhancerBySpringCGLIB$$dfbee17e] is not eligible for getting processed by all BeanPostProcessors (for example: not eligible for auto-proxying)
2017-04-22 16:50:22.748 [main] INFO  o.s.c.s.PostProcessorRegistrationDelegate$BeanPostProcessorChecker -Bean 'org.springframework.security.config.annotation.configuration.ObjectPostProcessorConfiguration' of type [org.springframework.security.config.annotation.configuration.ObjectPostProcessorConfiguration$$EnhancerBySpringCGLIB$$786ca9b8] is not eligible for getting processed by all BeanPostProcessors (for example: not eligible for auto-proxying)
2017-04-22 16:50:22.767 [main] INFO  o.s.c.s.PostProcessorRegistrationDelegate$BeanPostProcessorChecker -Bean 'objectPostProcessor' of type [org.springframework.security.config.annotation.configuration.AutowireBeanFactoryObjectPostProcessor] is not eligible for getting processed by all BeanPostProcessors (for example: not eligible for auto-proxying)
2017-04-22 16:50:22.774 [main] INFO  o.s.c.s.PostProcessorRegistrationDelegate$BeanPostProcessorChecker -Bean 'org.springframework.security.access.expression.method.DefaultMethodSecurityExpressionHandler@5cee5251' of type [org.springframework.security.oauth2.provider.expression.OAuth2MethodSecurityExpressionHandler] is not eligible for getting processed by all BeanPostProcessors (for example: not eligible for auto-proxying)
2017-04-22 16:50:22.782 [main] INFO  o.s.c.s.PostProcessorRegistrationDelegate$BeanPostProcessorChecker -Bean 'org.springframework.security.config.annotation.method.configuration.GlobalMethodSecurityConfiguration' of type [org.springframework.security.config.annotation.method.configuration.GlobalMethodSecurityConfiguration$$EnhancerBySpringCGLIB$$9d414c6a] is not eligible for getting processed by all BeanPostProcessors (for example: not eligible for auto-proxying)
2017-04-22 16:50:22.799 [main] INFO  o.s.c.s.PostProcessorRegistrationDelegate$BeanPostProcessorChecker -Bean 'methodSecurityMetadataSource' of type [org.springframework.security.access.method.DelegatingMethodSecurityMetadataSource] is not eligible for getting processed by all BeanPostProcessors (for example: not eligible for auto-proxying)
2017-04-22 16:50:23.255 [main] INFO  o.s.b.c.e.t.TomcatEmbeddedServletContainer -Tomcat initialized with port(s): 9000 (http)
2017-04-22 16:50:23.273 [main] INFO  o.a.catalina.core.StandardService -Starting service Tomcat
2017-04-22 16:50:23.276 [main] INFO  o.a.catalina.core.StandardEngine -Starting Servlet Engine: Apache Tomcat/8.5.11
2017-04-22 16:50:23.410 [localhost-startStop-1] INFO  o.a.c.c.C.[Tomcat].[localhost].[/] -Initializing Spring embedded WebApplicationContext
2017-04-22 16:50:23.411 [localhost-startStop-1] INFO  o.s.web.context.ContextLoader -Root WebApplicationContext: initialization completed in 2863 ms
2017-04-22 16:50:23.725 [localhost-startStop-1] INFO  o.s.b.w.s.FilterRegistrationBean -Mapping filter: 'characterEncodingFilter' to: [/*]
2017-04-22 16:50:23.726 [localhost-startStop-1] INFO  o.s.b.w.s.FilterRegistrationBean -Mapping filter: 'hiddenHttpMethodFilter' to: [/*]
2017-04-22 16:50:23.727 [localhost-startStop-1] INFO  o.s.b.w.s.FilterRegistrationBean -Mapping filter: 'httpPutFormContentFilter' to: [/*]
2017-04-22 16:50:23.727 [localhost-startStop-1] INFO  o.s.b.w.s.FilterRegistrationBean -Mapping filter: 'requestContextFilter' to: [/*]
2017-04-22 16:50:23.728 [localhost-startStop-1] INFO  o.s.b.w.s.DelegatingFilterProxyRegistrationBean -Mapping filter: 'springSecurityFilterChain' to: [/*]
2017-04-22 16:50:23.729 [localhost-startStop-1] INFO  o.s.b.w.s.ServletRegistrationBean -Mapping servlet: 'dispatcherServlet' to [/]
2017-04-22 16:50:24.542 [main] INFO  o.s.o.j.LocalContainerEntityManagerFactoryBean -Building JPA container EntityManagerFactory for persistence unit 'default'
2017-04-22 16:50:24.716 [main] INFO  o.h.jpa.internal.util.LogHelper -HHH000204: Processing PersistenceUnitInfo [
	name: default
	...]
2017-04-22 16:50:24.858 [main] INFO  org.hibernate.Version -HHH000412: Hibernate Core {5.0.12.Final}
2017-04-22 16:50:24.860 [main] INFO  org.hibernate.cfg.Environment -HHH000206: hibernate.properties not found
2017-04-22 16:50:24.863 [main] INFO  org.hibernate.cfg.Environment -HHH000021: Bytecode provider name : javassist
2017-04-22 16:50:24.920 [main] INFO  o.h.annotations.common.Version -HCANN000001: Hibernate Commons Annotations {5.0.1.Final}
2017-04-22 16:50:25.194 [main] INFO  org.hibernate.dialect.Dialect -HHH000400: Using dialect: org.hibernate.dialect.MySQL5Dialect
2017-04-22 16:50:25.926 [main] INFO  o.h.tool.hbm2ddl.SchemaUpdate -HHH000228: Running hbm2ddl schema update
2017-04-22 16:50:26.070 [main] INFO  o.s.o.j.LocalContainerEntityManagerFactoryBean -Initialized JPA EntityManagerFactory for persistence unit 'default'
2017-04-22 16:50:26.855 [main] INFO  o.h.h.i.QueryTranslatorFactoryInitiator -HHH000397: Using ASTQueryTranslatorFactory
2017-04-22 16:50:27.534 [main] INFO  o.s.w.s.m.m.a.RequestMappingHandlerAdapter -Looking for @ControllerAdvice: org.springframework.boot.context.embedded.AnnotationConfigEmbeddedWebApplicationContext@7e0b37bc: startup date [Sat Apr 22 16:50:20 CST 2017]; root of context hierarchy
2017-04-22 16:50:27.679 [main] INFO  o.s.w.s.m.m.a.RequestMappingHandlerMapping -Mapped "{[/expressQuery/showapiExpInfo]}" onto public com.example.API.express.ShowapiExpInfo com.example.API.express.ExpressQueryController.showapiExpInfo(java.lang.String,java.lang.String)
2017-04-22 16:50:27.681 [main] INFO  o.s.w.s.m.m.a.RequestMappingHandlerMapping -Mapped "{[/expressQuery/fetchCom]}" onto public com.example.API.express.FetchCom com.example.API.express.ExpressQueryController.fetchCom(java.lang.String)
2017-04-22 16:50:27.682 [main] INFO  o.s.w.s.m.m.a.RequestMappingHandlerMapping -Mapped "{[/expressQuery/expressList]}" onto public com.example.API.express.ExpressList com.example.API.express.ExpressQueryController.expressList(java.lang.String,java.lang.String,java.lang.String)
2017-04-22 16:50:27.684 [main] INFO  o.s.w.s.m.m.a.RequestMappingHandlerMapping -Mapped "{[/]}" onto public java.lang.String com.example.controller.IndexController.root()
2017-04-22 16:50:27.684 [main] INFO  o.s.w.s.m.m.a.RequestMappingHandlerMapping -Mapped "{[/403]}" onto public java.lang.String com.example.controller.IndexController.error()
2017-04-22 16:50:27.684 [main] INFO  o.s.w.s.m.m.a.RequestMappingHandlerMapping -Mapped "{[/home]}" onto public java.lang.String com.example.controller.IndexController.home()
2017-04-22 16:50:27.685 [main] INFO  o.s.w.s.m.m.a.RequestMappingHandlerMapping -Mapped "{[/admin],methods=[POST]}" onto public java.lang.String com.example.controller.IndexController.toAdmin()
2017-04-22 16:50:27.685 [main] INFO  o.s.w.s.m.m.a.RequestMappingHandlerMapping -Mapped "{[/login]}" onto public java.lang.String com.example.controller.IndexController.login()
2017-04-22 16:50:27.685 [main] INFO  o.s.w.s.m.m.a.RequestMappingHandlerMapping -Mapped "{[/hello]}" onto public java.lang.String com.example.controller.IndexController.hello()
2017-04-22 16:50:27.689 [main] INFO  o.s.w.s.m.m.a.RequestMappingHandlerMapping -Mapped "{[/error]}" onto public org.springframework.http.ResponseEntity<java.util.Map<java.lang.String, java.lang.Object>> org.springframework.boot.autoconfigure.web.BasicErrorController.error(javax.servlet.http.HttpServletRequest)
2017-04-22 16:50:27.690 [main] INFO  o.s.w.s.m.m.a.RequestMappingHandlerMapping -Mapped "{[/error],produces=[text/html]}" onto public org.springframework.web.servlet.ModelAndView org.springframework.boot.autoconfigure.web.BasicErrorController.errorHtml(javax.servlet.http.HttpServletRequest,javax.servlet.http.HttpServletResponse)
2017-04-22 16:50:27.776 [main] INFO  o.s.w.s.h.SimpleUrlHandlerMapping -Mapped URL path [/webjars/**] onto handler of type [class org.springframework.web.servlet.resource.ResourceHttpRequestHandler]
2017-04-22 16:50:27.776 [main] INFO  o.s.w.s.h.SimpleUrlHandlerMapping -Mapped URL path [/**] onto handler of type [class org.springframework.web.servlet.resource.ResourceHttpRequestHandler]
2017-04-22 16:50:27.863 [main] INFO  o.s.w.s.h.SimpleUrlHandlerMapping -Mapped URL path [/**/favicon.ico] onto handler of type [class org.springframework.web.servlet.resource.ResourceHttpRequestHandler]
2017-04-22 16:50:28.833 [main] INFO  o.s.s.web.DefaultSecurityFilterChain -Creating filter chain: OrRequestMatcher [requestMatchers=[Ant [pattern='/css/**'], Ant [pattern='/js/**'], Ant [pattern='/images/**'], Ant [pattern='/webjars/**'], Ant [pattern='/**/favicon.ico'], Ant [pattern='/error']]], []
2017-04-22 16:50:28.990 [main] INFO  o.s.s.web.DefaultSecurityFilterChain -Creating filter chain: org.springframework.security.web.util.matcher.AnyRequestMatcher@1, [org.springframework.security.web.context.request.async.WebAsyncManagerIntegrationFilter@191ae03f, org.springframework.security.web.context.SecurityContextPersistenceFilter@6175619b, org.springframework.security.web.header.HeaderWriterFilter@119f1f2a, org.springframework.security.web.csrf.CsrfFilter@625e134e, org.springframework.security.web.authentication.logout.LogoutFilter@30ea8c23, org.springframework.security.web.authentication.UsernamePasswordAuthenticationFilter@35beb15e, org.springframework.security.web.savedrequest.RequestCacheAwareFilter@756cf158, org.springframework.security.web.servletapi.SecurityContextHolderAwareRequestFilter@76c7beb3, org.springframework.security.web.authentication.AnonymousAuthenticationFilter@9635fa, org.springframework.security.web.session.SessionManagementFilter@5b970f7, org.springframework.security.web.access.ExceptionTranslationFilter@4fe89c24, org.springframework.security.web.access.intercept.FilterSecurityInterceptor@26fb628]
2017-04-22 16:50:29.022 [main] INFO  o.s.s.web.DefaultSecurityFilterChain -Creating filter chain: OrRequestMatcher [requestMatchers=[Ant [pattern='/**']]], [org.springframework.security.web.context.request.async.WebAsyncManagerIntegrationFilter@5fcacc0, org.springframework.security.web.context.SecurityContextPersistenceFilter@4204541c, org.springframework.security.web.header.HeaderWriterFilter@fd46303, org.springframework.security.web.authentication.logout.LogoutFilter@60fa3495, org.springframework.security.web.authentication.www.BasicAuthenticationFilter@3e2822, org.springframework.security.web.savedrequest.RequestCacheAwareFilter@6a62689d, org.springframework.security.web.servletapi.SecurityContextHolderAwareRequestFilter@4602c2a9, org.springframework.security.web.authentication.AnonymousAuthenticationFilter@533b266e, org.springframework.security.web.session.SessionManagementFilter@60d8c0dc, org.springframework.security.web.access.ExceptionTranslationFilter@51df223b, org.springframework.security.web.access.intercept.FilterSecurityInterceptor@1ca25c47]
2017-04-22 16:50:29.227 [main] INFO  o.s.j.e.a.AnnotationMBeanExporter -Registering beans for JMX exposure on startup
2017-04-22 16:50:29.312 [main] INFO  o.s.b.c.e.t.TomcatEmbeddedServletContainer -Tomcat started on port(s): 9000 (http)
2017-04-22 16:50:29.319 [main] INFO  com.example.DemoApplication -Started DemoApplication in 9.693 seconds (JVM running for 10.501)
2017-04-22 16:50:32.941 [http-nio-9000-exec-1] INFO  o.a.c.c.C.[Tomcat].[localhost].[/] -Initializing Spring FrameworkServlet 'dispatcherServlet'
2017-04-22 16:50:32.941 [http-nio-9000-exec-1] INFO  o.s.web.servlet.DispatcherServlet -FrameworkServlet 'dispatcherServlet': initialization started
2017-04-22 16:50:32.967 [http-nio-9000-exec-1] INFO  o.s.web.servlet.DispatcherServlet -FrameworkServlet 'dispatcherServlet': initialization completed in 26 ms
2017-04-22 16:50:48.853 [Thread-4] INFO  o.s.b.c.e.AnnotationConfigEmbeddedWebApplicationContext -Closing org.springframework.boot.context.embedded.AnnotationConfigEmbeddedWebApplicationContext@7e0b37bc: startup date [Sat Apr 22 16:50:20 CST 2017]; root of context hierarchy
2017-04-22 16:50:48.857 [Thread-4] INFO  o.s.j.e.a.AnnotationMBeanExporter -Unregistering JMX-exposed beans on shutdown
2017-04-22 16:50:48.858 [Thread-4] INFO  o.s.o.j.LocalContainerEntityManagerFactoryBean -Closing JPA EntityManagerFactory for persistence unit 'default'
2017-04-22 16:51:57.518 [main] INFO  com.example.DemoApplication -Starting DemoApplication v0.0.1-SNAPSHOT on ZeqiangdeMBP.lan with PID 3664 (/myfile/git/major/target/demo-0.0.1-SNAPSHOT.jar started by zqLuo in /myfile/git/major/target)
2017-04-22 16:51:57.526 [main] INFO  com.example.DemoApplication -The following profiles are active: dev
2017-04-22 16:51:57.964 [main] INFO  o.s.b.c.e.AnnotationConfigEmbeddedWebApplicationContext -Refreshing org.springframework.boot.context.embedded.AnnotationConfigEmbeddedWebApplicationContext@6bf2d08e: startup date [Sat Apr 22 16:51:57 CST 2017]; root of context hierarchy
2017-04-22 16:52:00.503 [main] INFO  o.s.c.s.PostProcessorRegistrationDelegate$BeanPostProcessorChecker -Bean 'org.springframework.transaction.annotation.ProxyTransactionManagementConfiguration' of type [org.springframework.transaction.annotation.ProxyTransactionManagementConfiguration$$EnhancerBySpringCGLIB$$29b719ca] is not eligible for getting processed by all BeanPostProcessors (for example: not eligible for auto-proxying)
2017-04-22 16:52:00.586 [main] INFO  o.s.c.s.PostProcessorRegistrationDelegate$BeanPostProcessorChecker -Bean 'org.springframework.security.config.annotation.configuration.ObjectPostProcessorConfiguration' of type [org.springframework.security.config.annotation.configuration.ObjectPostProcessorConfiguration$$EnhancerBySpringCGLIB$$c264e204] is not eligible for getting processed by all BeanPostProcessors (for example: not eligible for auto-proxying)
2017-04-22 16:52:00.599 [main] INFO  o.s.c.s.PostProcessorRegistrationDelegate$BeanPostProcessorChecker -Bean 'objectPostProcessor' of type [org.springframework.security.config.annotation.configuration.AutowireBeanFactoryObjectPostProcessor] is not eligible for getting processed by all BeanPostProcessors (for example: not eligible for auto-proxying)
2017-04-22 16:52:00.605 [main] INFO  o.s.c.s.PostProcessorRegistrationDelegate$BeanPostProcessorChecker -Bean 'org.springframework.security.access.expression.method.DefaultMethodSecurityExpressionHandler@149e0f5d' of type [org.springframework.security.oauth2.provider.expression.OAuth2MethodSecurityExpressionHandler] is not eligible for getting processed by all BeanPostProcessors (for example: not eligible for auto-proxying)
2017-04-22 16:52:00.616 [main] INFO  o.s.c.s.PostProcessorRegistrationDelegate$BeanPostProcessorChecker -Bean 'org.springframework.security.config.annotation.method.configuration.GlobalMethodSecurityConfiguration' of type [org.springframework.security.config.annotation.method.configuration.GlobalMethodSecurityConfiguration$$EnhancerBySpringCGLIB$$e73984b6] is not eligible for getting processed by all BeanPostProcessors (for example: not eligible for auto-proxying)
2017-04-22 16:52:00.639 [main] INFO  o.s.c.s.PostProcessorRegistrationDelegate$BeanPostProcessorChecker -Bean 'methodSecurityMetadataSource' of type [org.springframework.security.access.method.DelegatingMethodSecurityMetadataSource] is not eligible for getting processed by all BeanPostProcessors (for example: not eligible for auto-proxying)
2017-04-22 16:52:01.174 [main] INFO  o.s.b.c.e.t.TomcatEmbeddedServletContainer -Tomcat initialized with port(s): 9000 (http)
2017-04-22 16:52:01.203 [main] INFO  o.a.catalina.core.StandardService -Starting service Tomcat
2017-04-22 16:52:01.205 [main] INFO  o.a.catalina.core.StandardEngine -Starting Servlet Engine: Apache Tomcat/8.5.11
2017-04-22 16:52:01.349 [localhost-startStop-1] INFO  o.a.c.c.C.[Tomcat].[localhost].[/] -Initializing Spring embedded WebApplicationContext
2017-04-22 16:52:01.349 [localhost-startStop-1] INFO  o.s.web.context.ContextLoader -Root WebApplicationContext: initialization completed in 3385 ms
2017-04-22 16:52:01.677 [localhost-startStop-1] INFO  o.s.b.w.s.FilterRegistrationBean -Mapping filter: 'characterEncodingFilter' to: [/*]
2017-04-22 16:52:01.677 [localhost-startStop-1] INFO  o.s.b.w.s.FilterRegistrationBean -Mapping filter: 'hiddenHttpMethodFilter' to: [/*]
2017-04-22 16:52:01.678 [localhost-startStop-1] INFO  o.s.b.w.s.FilterRegistrationBean -Mapping filter: 'httpPutFormContentFilter' to: [/*]
2017-04-22 16:52:01.680 [localhost-startStop-1] INFO  o.s.b.w.s.DelegatingFilterProxyRegistrationBean -Mapping filter: 'springSecurityFilterChain' to: [/*]
2017-04-22 16:52:01.680 [localhost-startStop-1] INFO  o.s.b.w.s.ServletRegistrationBean -Mapping servlet: 'dispatcherServlet' to [/]
2017-04-22 16:52:02.508 [main] INFO  o.s.o.j.LocalContainerEntityManagerFactoryBean -Building JPA container EntityManagerFactory for persistence unit 'default'
2017-04-22 16:52:02.767 [main] INFO  o.h.jpa.internal.util.LogHelper -HHH000204: Processing PersistenceUnitInfo [
	name: default
	...]
2017-04-22 16:52:02.954 [main] INFO  org.hibernate.Version -HHH000412: Hibernate Core {5.0.12.Final}
2017-04-22 16:52:02.956 [main] INFO  org.hibernate.cfg.Environment -HHH000206: hibernate.properties not found
2017-04-22 16:52:02.958 [main] INFO  org.hibernate.cfg.Environment -HHH000021: Bytecode provider name : javassist
2017-04-22 16:52:03.036 [main] INFO  o.h.annotations.common.Version -HCANN000001: Hibernate Commons Annotations {5.0.1.Final}
2017-04-22 16:52:03.330 [main] INFO  org.hibernate.dialect.Dialect -HHH000400: Using dialect: org.hibernate.dialect.MySQL5Dialect
2017-04-22 16:52:04.008 [main] INFO  o.h.tool.hbm2ddl.SchemaUpdate -HHH000228: Running hbm2ddl schema update
2017-04-22 16:52:04.212 [main] INFO  o.s.o.j.LocalContainerEntityManagerFactoryBean -Initialized JPA EntityManagerFactory for persistence unit 'default'
2017-04-22 16:52:05.385 [main] INFO  o.h.h.i.QueryTranslatorFactoryInitiator -HHH000397: Using ASTQueryTranslatorFactory
2017-04-22 16:52:06.214 [main] INFO  o.s.w.s.m.m.a.RequestMappingHandlerAdapter -Looking for @ControllerAdvice: org.springframework.boot.context.embedded.AnnotationConfigEmbeddedWebApplicationContext@6bf2d08e: startup date [Sat Apr 22 16:51:57 CST 2017]; root of context hierarchy
2017-04-22 16:52:06.378 [main] INFO  o.s.w.s.m.m.a.RequestMappingHandlerMapping -Mapped "{[/expressQuery/fetchCom]}" onto public com.example.API.express.FetchCom com.example.API.express.ExpressQueryController.fetchCom(java.lang.String)
2017-04-22 16:52:06.380 [main] INFO  o.s.w.s.m.m.a.RequestMappingHandlerMapping -Mapped "{[/expressQuery/showapiExpInfo]}" onto public com.example.API.express.ShowapiExpInfo com.example.API.express.ExpressQueryController.showapiExpInfo(java.lang.String,java.lang.String)
2017-04-22 16:52:06.380 [main] INFO  o.s.w.s.m.m.a.RequestMappingHandlerMapping -Mapped "{[/expressQuery/expressList]}" onto public com.example.API.express.ExpressList com.example.API.express.ExpressQueryController.expressList(java.lang.String,java.lang.String,java.lang.String)
2017-04-22 16:52:06.381 [main] INFO  o.s.w.s.m.m.a.RequestMappingHandlerMapping -Mapped "{[/index]}" onto public java.lang.String com.example.controller.IndexController.index(org.springframework.ui.Model,org.apache.catalina.servlet4preview.http.HttpServletRequest)
2017-04-22 16:52:06.382 [main] INFO  o.s.w.s.m.m.a.RequestMappingHandlerMapping -Mapped "{[/]}" onto public java.lang.String com.example.controller.IndexController.root(org.springframework.ui.Model,org.apache.catalina.servlet4preview.http.HttpServletRequest)
2017-04-22 16:52:06.383 [main] INFO  o.s.w.s.m.m.a.RequestMappingHandlerMapping -Mapped "{[/403]}" onto public java.lang.String com.example.controller.IndexController.error()
2017-04-22 16:52:06.383 [main] INFO  o.s.w.s.m.m.a.RequestMappingHandlerMapping -Mapped "{[/login]}" onto public java.lang.String com.example.controller.IndexController.login()
2017-04-22 16:52:06.386 [main] INFO  o.s.w.s.m.m.a.RequestMappingHandlerMapping -Mapped "{[/error]}" onto public org.springframework.http.ResponseEntity<java.util.Map<java.lang.String, java.lang.Object>> org.springframework.boot.autoconfigure.web.BasicErrorController.error(javax.servlet.http.HttpServletRequest)
2017-04-22 16:52:06.387 [main] INFO  o.s.w.s.m.m.a.RequestMappingHandlerMapping -Mapped "{[/error],produces=[text/html]}" onto public org.springframework.web.servlet.ModelAndView org.springframework.boot.autoconfigure.web.BasicErrorController.errorHtml(javax.servlet.http.HttpServletRequest,javax.servlet.http.HttpServletResponse)
2017-04-22 16:52:06.469 [main] INFO  o.s.w.s.h.SimpleUrlHandlerMapping -Mapped URL path [/webjars/**] onto handler of type [class org.springframework.web.servlet.resource.ResourceHttpRequestHandler]
2017-04-22 16:52:06.470 [main] INFO  o.s.w.s.h.SimpleUrlHandlerMapping -Mapped URL path [/**] onto handler of type [class org.springframework.web.servlet.resource.ResourceHttpRequestHandler]
2017-04-22 16:52:06.556 [main] INFO  o.s.w.s.h.SimpleUrlHandlerMapping -Mapped URL path [/**/favicon.ico] onto handler of type [class org.springframework.web.servlet.resource.ResourceHttpRequestHandler]
2017-04-22 16:52:07.929 [main] INFO  o.s.s.web.DefaultSecurityFilterChain -Creating filter chain: OrRequestMatcher [requestMatchers=[Ant [pattern='/css/**'], Ant [pattern='/js/**'], Ant [pattern='/images/**'], Ant [pattern='/webjars/**'], Ant [pattern='/**/favicon.ico'], Ant [pattern='/error']]], []
2017-04-22 16:52:08.100 [main] INFO  o.s.s.web.DefaultSecurityFilterChain -Creating filter chain: org.springframework.security.web.util.matcher.AnyRequestMatcher@1, [org.springframework.security.web.context.request.async.WebAsyncManagerIntegrationFilter@182f1e9a, org.springframework.security.web.context.SecurityContextPersistenceFilter@7a56812e, org.springframework.security.web.header.HeaderWriterFilter@4e4efc1b, org.springframework.security.web.csrf.CsrfFilter@16423501, org.springframework.security.web.authentication.logout.LogoutFilter@43ed0ff3, org.springframework.security.web.authentication.UsernamePasswordAuthenticationFilter@b5cc23a, org.springframework.security.web.savedrequest.RequestCacheAwareFilter@7eb01b12, org.springframework.security.web.servletapi.SecurityContextHolderAwareRequestFilter@7e70bd39, org.springframework.security.web.authentication.AnonymousAuthenticationFilter@6928f576, org.springframework.security.web.session.SessionManagementFilter@7cc586a8, org.springframework.security.web.access.ExceptionTranslationFilter@307765b4, org.springframework.security.web.access.intercept.FilterSecurityInterceptor@5fe8b721]
2017-04-22 16:52:08.120 [main] INFO  o.s.s.web.DefaultSecurityFilterChain -Creating filter chain: OrRequestMatcher [requestMatchers=[Ant [pattern='/**']]], [org.springframework.security.web.context.request.async.WebAsyncManagerIntegrationFilter@5003041b, org.springframework.security.web.context.SecurityContextPersistenceFilter@e24ddd0, org.springframework.security.web.header.HeaderWriterFilter@4eeea57d, org.springframework.security.web.authentication.logout.LogoutFilter@5aabbb29, org.springframework.security.web.authentication.www.BasicAuthenticationFilter@72c927f1, org.springframework.security.web.savedrequest.RequestCacheAwareFilter@6f70f32f, org.springframework.security.web.servletapi.SecurityContextHolderAwareRequestFilter@548e76f1, org.springframework.security.web.authentication.AnonymousAuthenticationFilter@724bade8, org.springframework.security.web.session.SessionManagementFilter@780ec4a5, org.springframework.security.web.access.ExceptionTranslationFilter@61a002b1, org.springframework.security.web.access.intercept.FilterSecurityInterceptor@59a67c3a]
2017-04-22 16:52:08.275 [main] INFO  o.s.j.e.a.AnnotationMBeanExporter -Registering beans for JMX exposure on startup
2017-04-22 16:52:08.358 [main] INFO  o.s.b.c.e.t.TomcatEmbeddedServletContainer -Tomcat started on port(s): 9000 (http)
2017-04-22 16:52:08.366 [main] INFO  com.example.DemoApplication -Started DemoApplication in 11.386 seconds (JVM running for 12.149)
2017-04-22 16:52:12.529 [http-nio-9000-exec-1] INFO  o.a.c.c.C.[Tomcat].[localhost].[/] -Initializing Spring FrameworkServlet 'dispatcherServlet'
2017-04-22 16:52:12.531 [http-nio-9000-exec-1] INFO  o.s.web.servlet.DispatcherServlet -FrameworkServlet 'dispatcherServlet': initialization started
2017-04-22 16:52:12.562 [http-nio-9000-exec-1] INFO  o.s.web.servlet.DispatcherServlet -FrameworkServlet 'dispatcherServlet': initialization completed in 31 ms
2017-04-22 16:52:20.608 [http-nio-9000-exec-4] INFO  c.example.config.LoginSuccessHandler - admin 
2017-04-22 16:52:20.609 [http-nio-9000-exec-4] INFO  c.example.config.LoginSuccessHandler -IP :127.0.0.1
2017-04-22 16:52:31.895 [Thread-4] INFO  o.s.b.c.e.AnnotationConfigEmbeddedWebApplicationContext -Closing org.springframework.boot.context.embedded.AnnotationConfigEmbeddedWebApplicationContext@6bf2d08e: startup date [Sat Apr 22 16:51:57 CST 2017]; root of context hierarchy
2017-04-22 16:52:31.899 [Thread-4] INFO  o.s.j.e.a.AnnotationMBeanExporter -Unregistering JMX-exposed beans on shutdown
2017-04-22 16:52:31.901 [Thread-4] INFO  o.s.o.j.LocalContainerEntityManagerFactoryBean -Closing JPA EntityManagerFactory for persistence unit 'default'
2017-04-22 16:52:34.738 [main] INFO  com.example.DemoApplication -Starting DemoApplication v0.0.1-SNAPSHOT on ZeqiangdeMBP.lan with PID 3669 (/myfile/git/major/target/demo-0.0.1-SNAPSHOT.jar started by zqLuo in /myfile/git/major/target)
2017-04-22 16:52:34.745 [main] INFO  com.example.DemoApplication -The following profiles are active: dev
2017-04-22 16:52:35.187 [main] INFO  o.s.b.c.e.AnnotationConfigEmbeddedWebApplicationContext -Refreshing org.springframework.boot.context.embedded.AnnotationConfigEmbeddedWebApplicationContext@6bf2d08e: startup date [Sat Apr 22 16:52:35 CST 2017]; root of context hierarchy
2017-04-22 16:52:37.422 [main] INFO  o.s.c.s.PostProcessorRegistrationDelegate$BeanPostProcessorChecker -Bean 'org.springframework.transaction.annotation.ProxyTransactionManagementConfiguration' of type [org.springframework.transaction.annotation.ProxyTransactionManagementConfiguration$$EnhancerBySpringCGLIB$$379d387f] is not eligible for getting processed by all BeanPostProcessors (for example: not eligible for auto-proxying)
2017-04-22 16:52:37.507 [main] INFO  o.s.c.s.PostProcessorRegistrationDelegate$BeanPostProcessorChecker -Bean 'org.springframework.security.config.annotation.configuration.ObjectPostProcessorConfiguration' of type [org.springframework.security.config.annotation.configuration.ObjectPostProcessorConfiguration$$EnhancerBySpringCGLIB$$d04b00b9] is not eligible for getting processed by all BeanPostProcessors (for example: not eligible for auto-proxying)
2017-04-22 16:52:37.521 [main] INFO  o.s.c.s.PostProcessorRegistrationDelegate$BeanPostProcessorChecker -Bean 'objectPostProcessor' of type [org.springframework.security.config.annotation.configuration.AutowireBeanFactoryObjectPostProcessor] is not eligible for getting processed by all BeanPostProcessors (for example: not eligible for auto-proxying)
2017-04-22 16:52:37.526 [main] INFO  o.s.c.s.PostProcessorRegistrationDelegate$BeanPostProcessorChecker -Bean 'org.springframework.security.access.expression.method.DefaultMethodSecurityExpressionHandler@3c22fc4c' of type [org.springframework.security.oauth2.provider.expression.OAuth2MethodSecurityExpressionHandler] is not eligible for getting processed by all BeanPostProcessors (for example: not eligible for auto-proxying)
2017-04-22 16:52:37.541 [main] INFO  o.s.c.s.PostProcessorRegistrationDelegate$BeanPostProcessorChecker -Bean 'org.springframework.security.config.annotation.method.configuration.GlobalMethodSecurityConfiguration' of type [org.springframework.security.config.annotation.method.configuration.GlobalMethodSecurityConfiguration$$EnhancerBySpringCGLIB$$f51fa36b] is not eligible for getting processed by all BeanPostProcessors (for example: not eligible for auto-proxying)
2017-04-22 16:52:37.564 [main] INFO  o.s.c.s.PostProcessorRegistrationDelegate$BeanPostProcessorChecker -Bean 'methodSecurityMetadataSource' of type [org.springframework.security.access.method.DelegatingMethodSecurityMetadataSource] is not eligible for getting processed by all BeanPostProcessors (for example: not eligible for auto-proxying)
2017-04-22 16:52:38.019 [main] INFO  o.s.b.c.e.t.TomcatEmbeddedServletContainer -Tomcat initialized with port(s): 9000 (http)
2017-04-22 16:52:38.036 [main] INFO  o.a.catalina.core.StandardService -Starting service Tomcat
2017-04-22 16:52:38.037 [main] INFO  o.a.catalina.core.StandardEngine -Starting Servlet Engine: Apache Tomcat/8.5.11
2017-04-22 16:52:38.166 [localhost-startStop-1] INFO  o.a.c.c.C.[Tomcat].[localhost].[/] -Initializing Spring embedded WebApplicationContext
2017-04-22 16:52:38.167 [localhost-startStop-1] INFO  o.s.web.context.ContextLoader -Root WebApplicationContext: initialization completed in 2980 ms
2017-04-22 16:52:38.504 [localhost-startStop-1] INFO  o.s.b.w.s.FilterRegistrationBean -Mapping filter: 'characterEncodingFilter' to: [/*]
2017-04-22 16:52:38.504 [localhost-startStop-1] INFO  o.s.b.w.s.FilterRegistrationBean -Mapping filter: 'hiddenHttpMethodFilter' to: [/*]
2017-04-22 16:52:38.505 [localhost-startStop-1] INFO  o.s.b.w.s.FilterRegistrationBean -Mapping filter: 'httpPutFormContentFilter' to: [/*]
2017-04-22 16:52:38.507 [localhost-startStop-1] INFO  o.s.b.w.s.DelegatingFilterProxyRegistrationBean -Mapping filter: 'springSecurityFilterChain' to: [/*]
2017-04-22 16:52:38.507 [localhost-startStop-1] INFO  o.s.b.w.s.ServletRegistrationBean -Mapping servlet: 'dispatcherServlet' to [/]
2017-04-22 16:52:39.323 [main] INFO  o.s.o.j.LocalContainerEntityManagerFactoryBean -Building JPA container EntityManagerFactory for persistence unit 'default'
2017-04-22 16:52:39.480 [main] INFO  o.h.jpa.internal.util.LogHelper -HHH000204: Processing PersistenceUnitInfo [
	name: default
	...]
2017-04-22 16:52:39.603 [main] INFO  org.hibernate.Version -HHH000412: Hibernate Core {5.0.12.Final}
2017-04-22 16:52:39.606 [main] INFO  org.hibernate.cfg.Environment -HHH000206: hibernate.properties not found
2017-04-22 16:52:39.608 [main] INFO  org.hibernate.cfg.Environment -HHH000021: Bytecode provider name : javassist
2017-04-22 16:52:39.680 [main] INFO  o.h.annotations.common.Version -HCANN000001: Hibernate Commons Annotations {5.0.1.Final}
2017-04-22 16:52:39.971 [main] INFO  org.hibernate.dialect.Dialect -HHH000400: Using dialect: org.hibernate.dialect.MySQL5Dialect
2017-04-22 16:52:40.713 [main] INFO  o.h.tool.hbm2ddl.SchemaUpdate -HHH000228: Running hbm2ddl schema update
2017-04-22 16:52:40.954 [main] INFO  o.s.o.j.LocalContainerEntityManagerFactoryBean -Initialized JPA EntityManagerFactory for persistence unit 'default'
2017-04-22 16:52:41.790 [main] INFO  o.h.h.i.QueryTranslatorFactoryInitiator -HHH000397: Using ASTQueryTranslatorFactory
2017-04-22 16:52:42.518 [main] INFO  o.s.w.s.m.m.a.RequestMappingHandlerAdapter -Looking for @ControllerAdvice: org.springframework.boot.context.embedded.AnnotationConfigEmbeddedWebApplicationContext@6bf2d08e: startup date [Sat Apr 22 16:52:35 CST 2017]; root of context hierarchy
2017-04-22 16:52:42.652 [main] INFO  o.s.w.s.m.m.a.RequestMappingHandlerMapping -Mapped "{[/expressQuery/showapiExpInfo]}" onto public com.example.API.express.ShowapiExpInfo com.example.API.express.ExpressQueryController.showapiExpInfo(java.lang.String,java.lang.String)
2017-04-22 16:52:42.653 [main] INFO  o.s.w.s.m.m.a.RequestMappingHandlerMapping -Mapped "{[/expressQuery/fetchCom]}" onto public com.example.API.express.FetchCom com.example.API.express.ExpressQueryController.fetchCom(java.lang.String)
2017-04-22 16:52:42.654 [main] INFO  o.s.w.s.m.m.a.RequestMappingHandlerMapping -Mapped "{[/expressQuery/expressList]}" onto public com.example.API.express.ExpressList com.example.API.express.ExpressQueryController.expressList(java.lang.String,java.lang.String,java.lang.String)
2017-04-22 16:52:42.655 [main] INFO  o.s.w.s.m.m.a.RequestMappingHandlerMapping -Mapped "{[/index]}" onto public java.lang.String com.example.controller.IndexController.index(org.springframework.ui.Model,org.apache.catalina.servlet4preview.http.HttpServletRequest)
2017-04-22 16:52:42.656 [main] INFO  o.s.w.s.m.m.a.RequestMappingHandlerMapping -Mapped "{[/]}" onto public java.lang.String com.example.controller.IndexController.root(org.springframework.ui.Model,org.apache.catalina.servlet4preview.http.HttpServletRequest)
2017-04-22 16:52:42.656 [main] INFO  o.s.w.s.m.m.a.RequestMappingHandlerMapping -Mapped "{[/403]}" onto public java.lang.String com.example.controller.IndexController.error()
2017-04-22 16:52:42.656 [main] INFO  o.s.w.s.m.m.a.RequestMappingHandlerMapping -Mapped "{[/login]}" onto public java.lang.String com.example.controller.IndexController.login()
2017-04-22 16:52:42.659 [main] INFO  o.s.w.s.m.m.a.RequestMappingHandlerMapping -Mapped "{[/error]}" onto public org.springframework.http.ResponseEntity<java.util.Map<java.lang.String, java.lang.Object>> org.springframework.boot.autoconfigure.web.BasicErrorController.error(javax.servlet.http.HttpServletRequest)
2017-04-22 16:52:42.659 [main] INFO  o.s.w.s.m.m.a.RequestMappingHandlerMapping -Mapped "{[/error],produces=[text/html]}" onto public org.springframework.web.servlet.ModelAndView org.springframework.boot.autoconfigure.web.BasicErrorController.errorHtml(javax.servlet.http.HttpServletRequest,javax.servlet.http.HttpServletResponse)
2017-04-22 16:52:42.738 [main] INFO  o.s.w.s.h.SimpleUrlHandlerMapping -Mapped URL path [/webjars/**] onto handler of type [class org.springframework.web.servlet.resource.ResourceHttpRequestHandler]
2017-04-22 16:52:42.739 [main] INFO  o.s.w.s.h.SimpleUrlHandlerMapping -Mapped URL path [/**] onto handler of type [class org.springframework.web.servlet.resource.ResourceHttpRequestHandler]
2017-04-22 16:52:42.830 [main] INFO  o.s.w.s.h.SimpleUrlHandlerMapping -Mapped URL path [/**/favicon.ico] onto handler of type [class org.springframework.web.servlet.resource.ResourceHttpRequestHandler]
2017-04-22 16:52:43.668 [main] INFO  o.s.s.web.DefaultSecurityFilterChain -Creating filter chain: OrRequestMatcher [requestMatchers=[Ant [pattern='/css/**'], Ant [pattern='/js/**'], Ant [pattern='/images/**'], Ant [pattern='/webjars/**'], Ant [pattern='/**/favicon.ico'], Ant [pattern='/error']]], []
2017-04-22 16:52:43.782 [main] INFO  o.s.s.web.DefaultSecurityFilterChain -Creating filter chain: org.springframework.security.web.util.matcher.AnyRequestMatcher@1, [org.springframework.security.web.context.request.async.WebAsyncManagerIntegrationFilter@11389053, org.springframework.security.web.context.SecurityContextPersistenceFilter@59aa20b3, org.springframework.security.web.header.HeaderWriterFilter@1eba372c, org.springframework.security.web.csrf.CsrfFilter@48c40605, org.springframework.security.web.authentication.logout.LogoutFilter@29876704, org.springframework.security.web.authentication.UsernamePasswordAuthenticationFilter@21d5c1a0, org.springframework.security.web.savedrequest.RequestCacheAwareFilter@4b21844c, org.springframework.security.web.servletapi.SecurityContextHolderAwareRequestFilter@5e77f0f4, org.springframework.security.web.authentication.AnonymousAuthenticationFilter@5db99216, org.springframework.security.web.session.SessionManagementFilter@25f9407e, org.springframework.security.web.access.ExceptionTranslationFilter@6cea706c, org.springframework.security.web.access.intercept.FilterSecurityInterceptor@4da855dd]
2017-04-22 16:52:43.807 [main] INFO  o.s.s.web.DefaultSecurityFilterChain -Creating filter chain: OrRequestMatcher [requestMatchers=[Ant [pattern='/**']]], [org.springframework.security.web.context.request.async.WebAsyncManagerIntegrationFilter@3591009c, org.springframework.security.web.context.SecurityContextPersistenceFilter@560cbf1a, org.springframework.security.web.header.HeaderWriterFilter@56db847e, org.springframework.security.web.authentication.logout.LogoutFilter@578524c3, org.springframework.security.web.authentication.www.BasicAuthenticationFilter@64c2b546, org.springframework.security.web.savedrequest.RequestCacheAwareFilter@5fe8b721, org.springframework.security.web.servletapi.SecurityContextHolderAwareRequestFilter@551a20d6, org.springframework.security.web.authentication.AnonymousAuthenticationFilter@5398edd0, org.springframework.security.web.session.SessionManagementFilter@740abb5, org.springframework.security.web.access.ExceptionTranslationFilter@2755d705, org.springframework.security.web.access.intercept.FilterSecurityInterceptor@4152d38d]
2017-04-22 16:52:43.981 [main] INFO  o.s.j.e.a.AnnotationMBeanExporter -Registering beans for JMX exposure on startup
2017-04-22 16:52:44.064 [main] INFO  o.s.b.c.e.t.TomcatEmbeddedServletContainer -Tomcat started on port(s): 9000 (http)
2017-04-22 16:52:44.072 [main] INFO  com.example.DemoApplication -Started DemoApplication in 9.883 seconds (JVM running for 10.732)
2017-04-22 16:52:46.579 [http-nio-9000-exec-1] INFO  o.a.c.c.C.[Tomcat].[localhost].[/] -Initializing Spring FrameworkServlet 'dispatcherServlet'
2017-04-22 16:52:46.579 [http-nio-9000-exec-1] INFO  o.s.web.servlet.DispatcherServlet -FrameworkServlet 'dispatcherServlet': initialization started
2017-04-22 16:52:46.610 [http-nio-9000-exec-1] INFO  o.s.web.servlet.DispatcherServlet -FrameworkServlet 'dispatcherServlet': initialization completed in 31 ms
2017-04-22 16:53:19.987 [http-nio-9000-exec-7] INFO  c.example.config.LoginSuccessHandler - admin 
2017-04-22 16:53:19.988 [http-nio-9000-exec-7] INFO  c.example.config.LoginSuccessHandler -IP :192.168.10.245
2017-04-22 16:53:26.581 [Thread-4] INFO  o.s.b.c.e.AnnotationConfigEmbeddedWebApplicationContext -Closing org.springframework.boot.context.embedded.AnnotationConfigEmbeddedWebApplicationContext@6bf2d08e: startup date [Sat Apr 22 16:52:35 CST 2017]; root of context hierarchy
2017-04-22 16:53:26.584 [Thread-4] INFO  o.s.j.e.a.AnnotationMBeanExporter -Unregistering JMX-exposed beans on shutdown
2017-04-22 16:53:26.586 [Thread-4] INFO  o.s.o.j.LocalContainerEntityManagerFactoryBean -Closing JPA EntityManagerFactory for persistence unit 'default'
2017-04-22 16:53:36.528 [main] INFO  com.example.DemoApplication -Starting DemoApplication v0.0.1-SNAPSHOT on ZeqiangdeMBP.lan with PID 3672 (/myfile/git/major/target/demo-0.0.1-SNAPSHOT.jar started by zqLuo in /myfile/git/major/target)
2017-04-22 16:53:36.532 [main] INFO  com.example.DemoApplication -The following profiles are active: dev
2017-04-22 16:53:36.926 [main] INFO  o.s.b.c.e.AnnotationConfigEmbeddedWebApplicationContext -Refreshing org.springframework.boot.context.embedded.AnnotationConfigEmbeddedWebApplicationContext@6bf2d08e: startup date [Sat Apr 22 16:53:36 CST 2017]; root of context hierarchy
2017-04-22 16:53:39.299 [main] INFO  o.s.c.s.PostProcessorRegistrationDelegate$BeanPostProcessorChecker -Bean 'org.springframework.transaction.annotation.ProxyTransactionManagementConfiguration' of type [org.springframework.transaction.annotation.ProxyTransactionManagementConfiguration$$EnhancerBySpringCGLIB$$29b719ca] is not eligible for getting processed by all BeanPostProcessors (for example: not eligible for auto-proxying)
2017-04-22 16:53:39.405 [main] INFO  o.s.c.s.PostProcessorRegistrationDelegate$BeanPostProcessorChecker -Bean 'org.springframework.security.config.annotation.configuration.ObjectPostProcessorConfiguration' of type [org.springframework.security.config.annotation.configuration.ObjectPostProcessorConfiguration$$EnhancerBySpringCGLIB$$c264e204] is not eligible for getting processed by all BeanPostProcessors (for example: not eligible for auto-proxying)
2017-04-22 16:53:39.425 [main] INFO  o.s.c.s.PostProcessorRegistrationDelegate$BeanPostProcessorChecker -Bean 'objectPostProcessor' of type [org.springframework.security.config.annotation.configuration.AutowireBeanFactoryObjectPostProcessor] is not eligible for getting processed by all BeanPostProcessors (for example: not eligible for auto-proxying)
2017-04-22 16:53:39.431 [main] INFO  o.s.c.s.PostProcessorRegistrationDelegate$BeanPostProcessorChecker -Bean 'org.springframework.security.access.expression.method.DefaultMethodSecurityExpressionHandler@7880cdf3' of type [org.springframework.security.oauth2.provider.expression.OAuth2MethodSecurityExpressionHandler] is not eligible for getting processed by all BeanPostProcessors (for example: not eligible for auto-proxying)
2017-04-22 16:53:39.462 [main] INFO  o.s.c.s.PostProcessorRegistrationDelegate$BeanPostProcessorChecker -Bean 'org.springframework.security.config.annotation.method.configuration.GlobalMethodSecurityConfiguration' of type [org.springframework.security.config.annotation.method.configuration.GlobalMethodSecurityConfiguration$$EnhancerBySpringCGLIB$$e73984b6] is not eligible for getting processed by all BeanPostProcessors (for example: not eligible for auto-proxying)
2017-04-22 16:53:39.486 [main] INFO  o.s.c.s.PostProcessorRegistrationDelegate$BeanPostProcessorChecker -Bean 'methodSecurityMetadataSource' of type [org.springframework.security.access.method.DelegatingMethodSecurityMetadataSource] is not eligible for getting processed by all BeanPostProcessors (for example: not eligible for auto-proxying)
2017-04-22 16:53:40.012 [main] INFO  o.s.b.c.e.t.TomcatEmbeddedServletContainer -Tomcat initialized with port(s): 9000 (http)
2017-04-22 16:53:40.033 [main] INFO  o.a.catalina.core.StandardService -Starting service Tomcat
2017-04-22 16:53:40.035 [main] INFO  o.a.catalina.core.StandardEngine -Starting Servlet Engine: Apache Tomcat/8.5.11
2017-04-22 16:53:40.161 [localhost-startStop-1] INFO  o.a.c.c.C.[Tomcat].[localhost].[/] -Initializing Spring embedded WebApplicationContext
2017-04-22 16:53:40.161 [localhost-startStop-1] INFO  o.s.web.context.ContextLoader -Root WebApplicationContext: initialization completed in 3235 ms
2017-04-22 16:53:40.527 [localhost-startStop-1] INFO  o.s.b.w.s.FilterRegistrationBean -Mapping filter: 'characterEncodingFilter' to: [/*]
2017-04-22 16:53:40.528 [localhost-startStop-1] INFO  o.s.b.w.s.FilterRegistrationBean -Mapping filter: 'hiddenHttpMethodFilter' to: [/*]
2017-04-22 16:53:40.528 [localhost-startStop-1] INFO  o.s.b.w.s.FilterRegistrationBean -Mapping filter: 'httpPutFormContentFilter' to: [/*]
2017-04-22 16:53:40.534 [localhost-startStop-1] INFO  o.s.b.w.s.DelegatingFilterProxyRegistrationBean -Mapping filter: 'springSecurityFilterChain' to: [/*]
2017-04-22 16:53:40.534 [localhost-startStop-1] INFO  o.s.b.w.s.ServletRegistrationBean -Mapping servlet: 'dispatcherServlet' to [/]
2017-04-22 16:53:41.529 [main] INFO  o.s.o.j.LocalContainerEntityManagerFactoryBean -Building JPA container EntityManagerFactory for persistence unit 'default'
2017-04-22 16:53:41.555 [main] INFO  o.h.jpa.internal.util.LogHelper -HHH000204: Processing PersistenceUnitInfo [
	name: default
	...]
2017-04-22 16:53:41.695 [main] INFO  org.hibernate.Version -HHH000412: Hibernate Core {5.0.12.Final}
2017-04-22 16:53:41.705 [main] INFO  org.hibernate.cfg.Environment -HHH000206: hibernate.properties not found
2017-04-22 16:53:41.708 [main] INFO  org.hibernate.cfg.Environment -HHH000021: Bytecode provider name : javassist
2017-04-22 16:53:41.801 [main] INFO  o.h.annotations.common.Version -HCANN000001: Hibernate Commons Annotations {5.0.1.Final}
2017-04-22 16:53:42.109 [main] INFO  org.hibernate.dialect.Dialect -HHH000400: Using dialect: org.hibernate.dialect.MySQL5Dialect
2017-04-22 16:53:42.768 [main] INFO  o.h.tool.hbm2ddl.SchemaUpdate -HHH000228: Running hbm2ddl schema update
2017-04-22 16:53:42.926 [main] INFO  o.s.o.j.LocalContainerEntityManagerFactoryBean -Initialized JPA EntityManagerFactory for persistence unit 'default'
2017-04-22 16:53:43.766 [main] INFO  o.h.h.i.QueryTranslatorFactoryInitiator -HHH000397: Using ASTQueryTranslatorFactory
2017-04-22 16:53:45.241 [main] INFO  o.s.w.s.m.m.a.RequestMappingHandlerAdapter -Looking for @ControllerAdvice: org.springframework.boot.context.embedded.AnnotationConfigEmbeddedWebApplicationContext@6bf2d08e: startup date [Sat Apr 22 16:53:36 CST 2017]; root of context hierarchy
2017-04-22 16:53:45.518 [main] INFO  o.s.w.s.m.m.a.RequestMappingHandlerMapping -Mapped "{[/expressQuery/fetchCom]}" onto public com.example.API.express.FetchCom com.example.API.express.ExpressQueryController.fetchCom(java.lang.String)
2017-04-22 16:53:45.521 [main] INFO  o.s.w.s.m.m.a.RequestMappingHandlerMapping -Mapped "{[/expressQuery/showapiExpInfo]}" onto public com.example.API.express.ShowapiExpInfo com.example.API.express.ExpressQueryController.showapiExpInfo(java.lang.String,java.lang.String)
2017-04-22 16:53:45.522 [main] INFO  o.s.w.s.m.m.a.RequestMappingHandlerMapping -Mapped "{[/expressQuery/expressList]}" onto public com.example.API.express.ExpressList com.example.API.express.ExpressQueryController.expressList(java.lang.String,java.lang.String,java.lang.String)
2017-04-22 16:53:45.523 [main] INFO  o.s.w.s.m.m.a.RequestMappingHandlerMapping -Mapped "{[/index]}" onto public java.lang.String com.example.controller.IndexController.index(org.springframework.ui.Model,org.apache.catalina.servlet4preview.http.HttpServletRequest)
2017-04-22 16:53:45.524 [main] INFO  o.s.w.s.m.m.a.RequestMappingHandlerMapping -Mapped "{[/]}" onto public java.lang.String com.example.controller.IndexController.root(org.springframework.ui.Model,org.apache.catalina.servlet4preview.http.HttpServletRequest)
2017-04-22 16:53:45.526 [main] INFO  o.s.w.s.m.m.a.RequestMappingHandlerMapping -Mapped "{[/403]}" onto public java.lang.String com.example.controller.IndexController.error()
2017-04-22 16:53:45.526 [main] INFO  o.s.w.s.m.m.a.RequestMappingHandlerMapping -Mapped "{[/login]}" onto public java.lang.String com.example.controller.IndexController.login()
2017-04-22 16:53:45.528 [main] INFO  o.s.w.s.m.m.a.RequestMappingHandlerMapping -Mapped "{[/error]}" onto public org.springframework.http.ResponseEntity<java.util.Map<java.lang.String, java.lang.Object>> org.springframework.boot.autoconfigure.web.BasicErrorController.error(javax.servlet.http.HttpServletRequest)
2017-04-22 16:53:45.529 [main] INFO  o.s.w.s.m.m.a.RequestMappingHandlerMapping -Mapped "{[/error],produces=[text/html]}" onto public org.springframework.web.servlet.ModelAndView org.springframework.boot.autoconfigure.web.BasicErrorController.errorHtml(javax.servlet.http.HttpServletRequest,javax.servlet.http.HttpServletResponse)
2017-04-22 16:53:45.617 [main] INFO  o.s.w.s.h.SimpleUrlHandlerMapping -Mapped URL path [/webjars/**] onto handler of type [class org.springframework.web.servlet.resource.ResourceHttpRequestHandler]
2017-04-22 16:53:45.617 [main] INFO  o.s.w.s.h.SimpleUrlHandlerMapping -Mapped URL path [/**] onto handler of type [class org.springframework.web.servlet.resource.ResourceHttpRequestHandler]
2017-04-22 16:53:45.768 [main] INFO  o.s.w.s.h.SimpleUrlHandlerMapping -Mapped URL path [/**/favicon.ico] onto handler of type [class org.springframework.web.servlet.resource.ResourceHttpRequestHandler]
2017-04-22 16:53:47.178 [main] INFO  o.s.s.web.DefaultSecurityFilterChain -Creating filter chain: OrRequestMatcher [requestMatchers=[Ant [pattern='/css/**'], Ant [pattern='/js/**'], Ant [pattern='/images/**'], Ant [pattern='/webjars/**'], Ant [pattern='/**/favicon.ico'], Ant [pattern='/error']]], []
2017-04-22 16:53:47.485 [main] INFO  o.s.s.web.DefaultSecurityFilterChain -Creating filter chain: org.springframework.security.web.util.matcher.AnyRequestMatcher@1, [org.springframework.security.web.context.request.async.WebAsyncManagerIntegrationFilter@182f1e9a, org.springframework.security.web.context.SecurityContextPersistenceFilter@7a56812e, org.springframework.security.web.header.HeaderWriterFilter@4e4efc1b, org.springframework.security.web.csrf.CsrfFilter@16423501, org.springframework.security.web.authentication.logout.LogoutFilter@43ed0ff3, org.springframework.security.web.authentication.UsernamePasswordAuthenticationFilter@b5cc23a, org.springframework.security.web.savedrequest.RequestCacheAwareFilter@7eb01b12, org.springframework.security.web.servletapi.SecurityContextHolderAwareRequestFilter@7e70bd39, org.springframework.security.web.authentication.AnonymousAuthenticationFilter@6928f576, org.springframework.security.web.session.SessionManagementFilter@7cc586a8, org.springframework.security.web.access.ExceptionTranslationFilter@307765b4, org.springframework.security.web.access.intercept.FilterSecurityInterceptor@5fe8b721]
2017-04-22 16:53:47.548 [main] INFO  o.s.s.web.DefaultSecurityFilterChain -Creating filter chain: OrRequestMatcher [requestMatchers=[Ant [pattern='/**']]], [org.springframework.security.web.context.request.async.WebAsyncManagerIntegrationFilter@5003041b, org.springframework.security.web.context.SecurityContextPersistenceFilter@e24ddd0, org.springframework.security.web.header.HeaderWriterFilter@4eeea57d, org.springframework.security.web.authentication.logout.LogoutFilter@5aabbb29, org.springframework.security.web.authentication.www.BasicAuthenticationFilter@72c927f1, org.springframework.security.web.savedrequest.RequestCacheAwareFilter@6f70f32f, org.springframework.security.web.servletapi.SecurityContextHolderAwareRequestFilter@548e76f1, org.springframework.security.web.authentication.AnonymousAuthenticationFilter@724bade8, org.springframework.security.web.session.SessionManagementFilter@780ec4a5, org.springframework.security.web.access.ExceptionTranslationFilter@61a002b1, org.springframework.security.web.access.intercept.FilterSecurityInterceptor@59a67c3a]
2017-04-22 16:53:47.928 [main] INFO  o.s.j.e.a.AnnotationMBeanExporter -Registering beans for JMX exposure on startup
2017-04-22 16:53:48.044 [main] INFO  o.s.b.c.e.t.TomcatEmbeddedServletContainer -Tomcat started on port(s): 9000 (http)
2017-04-22 16:53:48.056 [main] INFO  com.example.DemoApplication -Started DemoApplication in 12.05 seconds (JVM running for 12.809)
2017-04-22 16:55:09.331 [http-nio-9000-exec-1] INFO  o.a.c.c.C.[Tomcat].[localhost].[/] -Initializing Spring FrameworkServlet 'dispatcherServlet'
2017-04-22 16:55:09.333 [http-nio-9000-exec-1] INFO  o.s.web.servlet.DispatcherServlet -FrameworkServlet 'dispatcherServlet': initialization started
2017-04-22 16:55:09.360 [http-nio-9000-exec-1] INFO  o.s.web.servlet.DispatcherServlet -FrameworkServlet 'dispatcherServlet': initialization completed in 27 ms
2017-04-22 16:55:11.435 [http-nio-9000-exec-4] INFO  c.example.config.LoginSuccessHandler - admin 
2017-04-22 16:55:11.436 [http-nio-9000-exec-4] INFO  c.example.config.LoginSuccessHandler -IP :192.168.10.245
2017-04-22 16:55:36.213 [Thread-4] INFO  o.s.b.c.e.AnnotationConfigEmbeddedWebApplicationContext -Closing org.springframework.boot.context.embedded.AnnotationConfigEmbeddedWebApplicationContext@6bf2d08e: startup date [Sat Apr 22 16:53:36 CST 2017]; root of context hierarchy
2017-04-22 16:55:36.216 [Thread-4] INFO  o.s.j.e.a.AnnotationMBeanExporter -Unregistering JMX-exposed beans on shutdown
2017-04-22 16:55:36.218 [Thread-4] INFO  o.s.o.j.LocalContainerEntityManagerFactoryBean -Closing JPA EntityManagerFactory for persistence unit 'default'
