2017-04-22 11:52:59.892  INFO 2017 --- [main] com.example.DemoApplication              : Starting DemoApplication v0.0.1-SNAPSHOT on ZeqiangdeMBP.lan with PID 2017 (/myfile/git/major/target/demo-0.0.1-SNAPSHOT.jar started by zqLuo in /myfile/git/major/target)
2017-04-22 11:52:59.896  INFO 2017 --- [main] com.example.DemoApplication              : No active profile set, falling back to default profiles: default
2017-04-22 11:53:00.350  INFO 2017 --- [main] ationConfigEmbeddedWebApplicationContext : Refreshing org.springframework.boot.context.embedded.AnnotationConfigEmbeddedWebApplicationContext@7e0b37bc: startup date [Sat Apr 22 11:53:00 CST 2017]; root of context hierarchy
2017-04-22 11:53:02.425  INFO 2017 --- [main] trationDelegate$BeanPostProcessorChecker : Bean 'org.springframework.transaction.annotation.ProxyTransactionManagementConfiguration' of type [org.springframework.transaction.annotation.ProxyTransactionManagementConfiguration$$EnhancerBySpringCGLIB$$dfbee17e] is not eligible for getting processed by all BeanPostProcessors (for example: not eligible for auto-proxying)
2017-04-22 11:53:02.491  INFO 2017 --- [main] trationDelegate$BeanPostProcessorChecker : Bean 'org.springframework.security.config.annotation.configuration.ObjectPostProcessorConfiguration' of type [org.springframework.security.config.annotation.configuration.ObjectPostProcessorConfiguration$$EnhancerBySpringCGLIB$$786ca9b8] is not eligible for getting processed by all BeanPostProcessors (for example: not eligible for auto-proxying)
2017-04-22 11:53:02.505  INFO 2017 --- [main] trationDelegate$BeanPostProcessorChecker : Bean 'objectPostProcessor' of type [org.springframework.security.config.annotation.configuration.AutowireBeanFactoryObjectPostProcessor] is not eligible for getting processed by all BeanPostProcessors (for example: not eligible for auto-proxying)
2017-04-22 11:53:02.510  INFO 2017 --- [main] trationDelegate$BeanPostProcessorChecker : Bean 'org.springframework.security.access.expression.method.DefaultMethodSecurityExpressionHandler@60d8c9b7' of type [org.springframework.security.oauth2.provider.expression.OAuth2MethodSecurityExpressionHandler] is not eligible for getting processed by all BeanPostProcessors (for example: not eligible for auto-proxying)
2017-04-22 11:53:02.522  INFO 2017 --- [main] trationDelegate$BeanPostProcessorChecker : Bean 'org.springframework.security.config.annotation.method.configuration.GlobalMethodSecurityConfiguration' of type [org.springframework.security.config.annotation.method.configuration.GlobalMethodSecurityConfiguration$$EnhancerBySpringCGLIB$$9d414c6a] is not eligible for getting processed by all BeanPostProcessors (for example: not eligible for auto-proxying)
2017-04-22 11:53:02.540  INFO 2017 --- [main] trationDelegate$BeanPostProcessorChecker : Bean 'methodSecurityMetadataSource' of type [org.springframework.security.access.method.DelegatingMethodSecurityMetadataSource] is not eligible for getting processed by all BeanPostProcessors (for example: not eligible for auto-proxying)
2017-04-22 11:53:03.062  INFO 2017 --- [main] s.b.c.e.t.TomcatEmbeddedServletContainer : Tomcat initialized with port(s): 9000 (http)
2017-04-22 11:53:03.088  INFO 2017 --- [main] o.apache.catalina.core.StandardService   : Starting service Tomcat
2017-04-22 11:53:03.090  INFO 2017 --- [main] org.apache.catalina.core.StandardEngine  : Starting Servlet Engine: Apache Tomcat/8.5.11
2017-04-22 11:53:03.246  INFO 2017 --- [localhost-startStop-1] o.a.c.c.C.[Tomcat].[localhost].[/]       : Initializing Spring embedded WebApplicationContext
2017-04-22 11:53:03.247  INFO 2017 --- [localhost-startStop-1] o.s.web.context.ContextLoader            : Root WebApplicationContext: initialization completed in 2897 ms
2017-04-22 11:53:03.590  INFO 2017 --- [localhost-startStop-1] o.s.b.w.servlet.FilterRegistrationBean   : Mapping filter: 'characterEncodingFilter' to: [/*]
2017-04-22 11:53:03.591  INFO 2017 --- [localhost-startStop-1] o.s.b.w.servlet.FilterRegistrationBean   : Mapping filter: 'hiddenHttpMethodFilter' to: [/*]
2017-04-22 11:53:03.591  INFO 2017 --- [localhost-startStop-1] o.s.b.w.servlet.FilterRegistrationBean   : Mapping filter: 'httpPutFormContentFilter' to: [/*]
2017-04-22 11:53:03.591  INFO 2017 --- [localhost-startStop-1] o.s.b.w.servlet.FilterRegistrationBean   : Mapping filter: 'requestContextFilter' to: [/*]
2017-04-22 11:53:03.593  INFO 2017 --- [localhost-startStop-1] .s.DelegatingFilterProxyRegistrationBean : Mapping filter: 'springSecurityFilterChain' to: [/*]
2017-04-22 11:53:03.594  INFO 2017 --- [localhost-startStop-1] o.s.b.w.servlet.ServletRegistrationBean  : Mapping servlet: 'dispatcherServlet' to [/]
2017-04-22 11:53:04.380  INFO 2017 --- [main] j.LocalContainerEntityManagerFactoryBean : Building JPA container EntityManagerFactory for persistence unit 'default'
2017-04-22 11:53:04.570  INFO 2017 --- [main] o.hibernate.jpa.internal.util.LogHelper  : HHH000204: Processing PersistenceUnitInfo [
	name: default
	...]
2017-04-22 11:53:04.712  INFO 2017 --- [main] org.hibernate.Version                    : HHH000412: Hibernate Core {5.0.12.Final}
2017-04-22 11:53:04.715  INFO 2017 --- [main] org.hibernate.cfg.Environment            : HHH000206: hibernate.properties not found
2017-04-22 11:53:04.718  INFO 2017 --- [main] org.hibernate.cfg.Environment            : HHH000021: Bytecode provider name : javassist
2017-04-22 11:53:04.790  INFO 2017 --- [main] o.hibernate.annotations.common.Version   : HCANN000001: Hibernate Commons Annotations {5.0.1.Final}
2017-04-22 11:53:05.080  INFO 2017 --- [main] org.hibernate.dialect.Dialect            : HHH000400: Using dialect: org.hibernate.dialect.MySQL5Dialect
2017-04-22 11:53:05.798  INFO 2017 --- [main] org.hibernate.tool.hbm2ddl.SchemaUpdate  : HHH000228: Running hbm2ddl schema update
2017-04-22 11:53:05.940  INFO 2017 --- [main] j.LocalContainerEntityManagerFactoryBean : Initialized JPA EntityManagerFactory for persistence unit 'default'
2017-04-22 11:53:06.712  INFO 2017 --- [main] o.h.h.i.QueryTranslatorFactoryInitiator  : HHH000397: Using ASTQueryTranslatorFactory
2017-04-22 11:53:07.344  INFO 2017 --- [main] s.w.s.m.m.a.RequestMappingHandlerAdapter : Looking for @ControllerAdvice: org.springframework.boot.context.embedded.AnnotationConfigEmbeddedWebApplicationContext@7e0b37bc: startup date [Sat Apr 22 11:53:00 CST 2017]; root of context hierarchy
2017-04-22 11:53:07.466  INFO 2017 --- [main] s.w.s.m.m.a.RequestMappingHandlerMapping : Mapped "{[/expressQuery/showapiExpInfo]}" onto public com.example.API.express.ShowapiExpInfo com.example.API.express.ExpressQueryController.showapiExpInfo(java.lang.String,java.lang.String)
2017-04-22 11:53:07.467  INFO 2017 --- [main] s.w.s.m.m.a.RequestMappingHandlerMapping : Mapped "{[/expressQuery/fetchCom]}" onto public com.example.API.express.FetchCom com.example.API.express.ExpressQueryController.fetchCom(java.lang.String)
2017-04-22 11:53:07.468  INFO 2017 --- [main] s.w.s.m.m.a.RequestMappingHandlerMapping : Mapped "{[/expressQuery/expressList]}" onto public com.example.API.express.ExpressList com.example.API.express.ExpressQueryController.expressList(java.lang.String,java.lang.String,java.lang.String)
2017-04-22 11:53:07.469  INFO 2017 --- [main] s.w.s.m.m.a.RequestMappingHandlerMapping : Mapped "{[/]}" onto public java.lang.String com.example.controller.IndexController.root()
2017-04-22 11:53:07.470  INFO 2017 --- [main] s.w.s.m.m.a.RequestMappingHandlerMapping : Mapped "{[/403]}" onto public java.lang.String com.example.controller.IndexController.error()
2017-04-22 11:53:07.470  INFO 2017 --- [main] s.w.s.m.m.a.RequestMappingHandlerMapping : Mapped "{[/home]}" onto public java.lang.String com.example.controller.IndexController.home()
2017-04-22 11:53:07.470  INFO 2017 --- [main] s.w.s.m.m.a.RequestMappingHandlerMapping : Mapped "{[/admin],methods=[POST]}" onto public java.lang.String com.example.controller.IndexController.toAdmin()
2017-04-22 11:53:07.471  INFO 2017 --- [main] s.w.s.m.m.a.RequestMappingHandlerMapping : Mapped "{[/hello]}" onto public java.lang.String com.example.controller.IndexController.hello()
2017-04-22 11:53:07.471  INFO 2017 --- [main] s.w.s.m.m.a.RequestMappingHandlerMapping : Mapped "{[/login]}" onto public java.lang.String com.example.controller.IndexController.login()
2017-04-22 11:53:07.474  INFO 2017 --- [main] s.w.s.m.m.a.RequestMappingHandlerMapping : Mapped "{[/error]}" onto public org.springframework.http.ResponseEntity<java.util.Map<java.lang.String, java.lang.Object>> org.springframework.boot.autoconfigure.web.BasicErrorController.error(javax.servlet.http.HttpServletRequest)
2017-04-22 11:53:07.475  INFO 2017 --- [main] s.w.s.m.m.a.RequestMappingHandlerMapping : Mapped "{[/error],produces=[text/html]}" onto public org.springframework.web.servlet.ModelAndView org.springframework.boot.autoconfigure.web.BasicErrorController.errorHtml(javax.servlet.http.HttpServletRequest,javax.servlet.http.HttpServletResponse)
2017-04-22 11:53:07.548  INFO 2017 --- [main] o.s.w.s.handler.SimpleUrlHandlerMapping  : Mapped URL path [/webjars/**] onto handler of type [class org.springframework.web.servlet.resource.ResourceHttpRequestHandler]
2017-04-22 11:53:07.549  INFO 2017 --- [main] o.s.w.s.handler.SimpleUrlHandlerMapping  : Mapped URL path [/**] onto handler of type [class org.springframework.web.servlet.resource.ResourceHttpRequestHandler]
2017-04-22 11:53:07.626  INFO 2017 --- [main] o.s.w.s.handler.SimpleUrlHandlerMapping  : Mapped URL path [/**/favicon.ico] onto handler of type [class org.springframework.web.servlet.resource.ResourceHttpRequestHandler]
2017-04-22 11:53:08.413  INFO 2017 --- [main] o.s.s.web.DefaultSecurityFilterChain     : Creating filter chain: OrRequestMatcher [requestMatchers=[Ant [pattern='/css/**'], Ant [pattern='/js/**'], Ant [pattern='/images/**'], Ant [pattern='/webjars/**'], Ant [pattern='/**/favicon.ico'], Ant [pattern='/error']]], []
2017-04-22 11:53:08.538  INFO 2017 --- [main] o.s.s.web.DefaultSecurityFilterChain     : Creating filter chain: org.springframework.security.web.util.matcher.AnyRequestMatcher@1, [org.springframework.security.web.context.request.async.WebAsyncManagerIntegrationFilter@4204541c, org.springframework.security.web.context.SecurityContextPersistenceFilter@64337702, org.springframework.security.web.header.HeaderWriterFilter@2f058b8a, org.springframework.security.web.csrf.CsrfFilter@3d08f3f5, org.springframework.security.web.authentication.logout.LogoutFilter@2a65bb85, org.springframework.security.web.authentication.UsernamePasswordAuthenticationFilter@2ce86164, org.springframework.security.web.savedrequest.RequestCacheAwareFilter@41a90fa8, org.springframework.security.web.servletapi.SecurityContextHolderAwareRequestFilter@117e0fe5, org.springframework.security.web.authentication.AnonymousAuthenticationFilter@6a62689d, org.springframework.security.web.session.SessionManagementFilter@3f2ef586, org.springframework.security.web.access.ExceptionTranslationFilter@7fd4acee, org.springframework.security.web.access.intercept.FilterSecurityInterceptor@1c98290c]
2017-04-22 11:53:08.563  INFO 2017 --- [main] o.s.s.web.DefaultSecurityFilterChain     : Creating filter chain: OrRequestMatcher [requestMatchers=[Ant [pattern='/**']]], [org.springframework.security.web.context.request.async.WebAsyncManagerIntegrationFilter@5f3b9c57, org.springframework.security.web.context.SecurityContextPersistenceFilter@6865c751, org.springframework.security.web.header.HeaderWriterFilter@6d1d4d7, org.springframework.security.web.authentication.logout.LogoutFilter@1d71006f, org.springframework.security.web.authentication.www.BasicAuthenticationFilter@5b6813df, org.springframework.security.web.savedrequest.RequestCacheAwareFilter@62679465, org.springframework.security.web.servletapi.SecurityContextHolderAwareRequestFilter@6a988392, org.springframework.security.web.authentication.AnonymousAuthenticationFilter@1e044120, org.springframework.security.web.session.SessionManagementFilter@89ff02e, org.springframework.security.web.access.ExceptionTranslationFilter@533b266e, org.springframework.security.web.access.intercept.FilterSecurityInterceptor@33352f32]
2017-04-22 11:53:08.745  INFO 2017 --- [main] o.s.j.e.a.AnnotationMBeanExporter        : Registering beans for JMX exposure on startup
2017-04-22 11:53:08.822  INFO 2017 --- [main] s.b.c.e.t.TomcatEmbeddedServletContainer : Tomcat started on port(s): 9000 (http)
2017-04-22 11:53:08.829  INFO 2017 --- [main] com.example.DemoApplication              : Started DemoApplication in 9.429 seconds (JVM running for 10.175)
2017-04-22 11:53:15.169  INFO 2017 --- [http-nio-9000-exec-1] o.a.c.c.C.[Tomcat].[localhost].[/]       : Initializing Spring FrameworkServlet 'dispatcherServlet'
2017-04-22 11:53:15.170  INFO 2017 --- [http-nio-9000-exec-1] o.s.web.servlet.DispatcherServlet        : FrameworkServlet 'dispatcherServlet': initialization started
2017-04-22 11:53:15.188  INFO 2017 --- [http-nio-9000-exec-1] o.s.web.servlet.DispatcherServlet        : FrameworkServlet 'dispatcherServlet': initialization completed in 18 ms
2017-04-22 11:53:44.613  INFO 2017 --- [Thread-4] ationConfigEmbeddedWebApplicationContext : Closing org.springframework.boot.context.embedded.AnnotationConfigEmbeddedWebApplicationContext@7e0b37bc: startup date [Sat Apr 22 11:53:00 CST 2017]; root of context hierarchy
2017-04-22 11:53:44.617  INFO 2017 --- [Thread-4] o.s.j.e.a.AnnotationMBeanExporter        : Unregistering JMX-exposed beans on shutdown
2017-04-22 11:53:44.619  INFO 2017 --- [Thread-4] j.LocalContainerEntityManagerFactoryBean : Closing JPA EntityManagerFactory for persistence unit 'default'
2017-04-22 16:48:40.057  INFO 3628 --- [main] com.example.DemoApplication              : Starting DemoApplication v0.0.1-SNAPSHOT on ZeqiangdeMBP.lan with PID 3628 (/myfile/git/major/target/demo-0.0.1-SNAPSHOT.jar started by zqLuo in /myfile/git/major/target)
2017-04-22 16:48:40.062  INFO 3628 --- [main] com.example.DemoApplication              : No active profile set, falling back to default profiles: default
2017-04-22 16:48:40.474  INFO 3628 --- [main] ationConfigEmbeddedWebApplicationContext : Refreshing org.springframework.boot.context.embedded.AnnotationConfigEmbeddedWebApplicationContext@7e0b37bc: startup date [Sat Apr 22 16:48:40 CST 2017]; root of context hierarchy
2017-04-22 16:48:42.620  INFO 3628 --- [main] trationDelegate$BeanPostProcessorChecker : Bean 'org.springframework.transaction.annotation.ProxyTransactionManagementConfiguration' of type [org.springframework.transaction.annotation.ProxyTransactionManagementConfiguration$$EnhancerBySpringCGLIB$$dfbee17e] is not eligible for getting processed by all BeanPostProcessors (for example: not eligible for auto-proxying)
2017-04-22 16:48:42.701  INFO 3628 --- [main] trationDelegate$BeanPostProcessorChecker : Bean 'org.springframework.security.config.annotation.configuration.ObjectPostProcessorConfiguration' of type [org.springframework.security.config.annotation.configuration.ObjectPostProcessorConfiguration$$EnhancerBySpringCGLIB$$786ca9b8] is not eligible for getting processed by all BeanPostProcessors (for example: not eligible for auto-proxying)
2017-04-22 16:48:42.714  INFO 3628 --- [main] trationDelegate$BeanPostProcessorChecker : Bean 'objectPostProcessor' of type [org.springframework.security.config.annotation.configuration.AutowireBeanFactoryObjectPostProcessor] is not eligible for getting processed by all BeanPostProcessors (for example: not eligible for auto-proxying)
2017-04-22 16:48:42.719  INFO 3628 --- [main] trationDelegate$BeanPostProcessorChecker : Bean 'org.springframework.security.access.expression.method.DefaultMethodSecurityExpressionHandler@60d8c9b7' of type [org.springframework.security.oauth2.provider.expression.OAuth2MethodSecurityExpressionHandler] is not eligible for getting processed by all BeanPostProcessors (for example: not eligible for auto-proxying)
2017-04-22 16:48:42.730  INFO 3628 --- [main] trationDelegate$BeanPostProcessorChecker : Bean 'org.springframework.security.config.annotation.method.configuration.GlobalMethodSecurityConfiguration' of type [org.springframework.security.config.annotation.method.configuration.GlobalMethodSecurityConfiguration$$EnhancerBySpringCGLIB$$9d414c6a] is not eligible for getting processed by all BeanPostProcessors (for example: not eligible for auto-proxying)
2017-04-22 16:48:42.747  INFO 3628 --- [main] trationDelegate$BeanPostProcessorChecker : Bean 'methodSecurityMetadataSource' of type [org.springframework.security.access.method.DelegatingMethodSecurityMetadataSource] is not eligible for getting processed by all BeanPostProcessors (for example: not eligible for auto-proxying)
2017-04-22 16:48:43.190  INFO 3628 --- [main] s.b.c.e.t.TomcatEmbeddedServletContainer : Tomcat initialized with port(s): 9000 (http)
2017-04-22 16:48:43.206  INFO 3628 --- [main] o.apache.catalina.core.StandardService   : Starting service Tomcat
2017-04-22 16:48:43.208  INFO 3628 --- [main] org.apache.catalina.core.StandardEngine  : Starting Servlet Engine: Apache Tomcat/8.5.11
2017-04-22 16:48:43.345  INFO 3628 --- [localhost-startStop-1] o.a.c.c.C.[Tomcat].[localhost].[/]       : Initializing Spring embedded WebApplicationContext
2017-04-22 16:48:43.345  INFO 3628 --- [localhost-startStop-1] o.s.web.context.ContextLoader            : Root WebApplicationContext: initialization completed in 2872 ms
2017-04-22 16:48:43.661  INFO 3628 --- [localhost-startStop-1] o.s.b.w.servlet.FilterRegistrationBean   : Mapping filter: 'characterEncodingFilter' to: [/*]
2017-04-22 16:48:43.661  INFO 3628 --- [localhost-startStop-1] o.s.b.w.servlet.FilterRegistrationBean   : Mapping filter: 'hiddenHttpMethodFilter' to: [/*]
2017-04-22 16:48:43.662  INFO 3628 --- [localhost-startStop-1] o.s.b.w.servlet.FilterRegistrationBean   : Mapping filter: 'httpPutFormContentFilter' to: [/*]
2017-04-22 16:48:43.662  INFO 3628 --- [localhost-startStop-1] o.s.b.w.servlet.FilterRegistrationBean   : Mapping filter: 'requestContextFilter' to: [/*]
2017-04-22 16:48:43.663  INFO 3628 --- [localhost-startStop-1] .s.DelegatingFilterProxyRegistrationBean : Mapping filter: 'springSecurityFilterChain' to: [/*]
2017-04-22 16:48:43.664  INFO 3628 --- [localhost-startStop-1] o.s.b.w.servlet.ServletRegistrationBean  : Mapping servlet: 'dispatcherServlet' to [/]
2017-04-22 16:48:44.503  INFO 3628 --- [main] j.LocalContainerEntityManagerFactoryBean : Building JPA container EntityManagerFactory for persistence unit 'default'
2017-04-22 16:48:44.674  INFO 3628 --- [main] o.hibernate.jpa.internal.util.LogHelper  : HHH000204: Processing PersistenceUnitInfo [
	name: default
	...]
2017-04-22 16:48:44.834  INFO 3628 --- [main] org.hibernate.Version                    : HHH000412: Hibernate Core {5.0.12.Final}
2017-04-22 16:48:44.836  INFO 3628 --- [main] org.hibernate.cfg.Environment            : HHH000206: hibernate.properties not found
2017-04-22 16:48:44.839  INFO 3628 --- [main] org.hibernate.cfg.Environment            : HHH000021: Bytecode provider name : javassist
2017-04-22 16:48:44.897  INFO 3628 --- [main] o.hibernate.annotations.common.Version   : HCANN000001: Hibernate Commons Annotations {5.0.1.Final}
2017-04-22 16:48:45.146  INFO 3628 --- [main] org.hibernate.dialect.Dialect            : HHH000400: Using dialect: org.hibernate.dialect.MySQL5Dialect
2017-04-22 16:48:45.798  INFO 3628 --- [main] org.hibernate.tool.hbm2ddl.SchemaUpdate  : HHH000228: Running hbm2ddl schema update
2017-04-22 16:48:45.917  INFO 3628 --- [main] j.LocalContainerEntityManagerFactoryBean : Initialized JPA EntityManagerFactory for persistence unit 'default'
2017-04-22 16:48:46.767  INFO 3628 --- [main] o.h.h.i.QueryTranslatorFactoryInitiator  : HHH000397: Using ASTQueryTranslatorFactory
2017-04-22 16:48:47.396  INFO 3628 --- [main] s.w.s.m.m.a.RequestMappingHandlerAdapter : Looking for @ControllerAdvice: org.springframework.boot.context.embedded.AnnotationConfigEmbeddedWebApplicationContext@7e0b37bc: startup date [Sat Apr 22 16:48:40 CST 2017]; root of context hierarchy
2017-04-22 16:48:47.527  INFO 3628 --- [main] s.w.s.m.m.a.RequestMappingHandlerMapping : Mapped "{[/expressQuery/showapiExpInfo]}" onto public com.example.API.express.ShowapiExpInfo com.example.API.express.ExpressQueryController.showapiExpInfo(java.lang.String,java.lang.String)
2017-04-22 16:48:47.528  INFO 3628 --- [main] s.w.s.m.m.a.RequestMappingHandlerMapping : Mapped "{[/expressQuery/fetchCom]}" onto public com.example.API.express.FetchCom com.example.API.express.ExpressQueryController.fetchCom(java.lang.String)
2017-04-22 16:48:47.529  INFO 3628 --- [main] s.w.s.m.m.a.RequestMappingHandlerMapping : Mapped "{[/expressQuery/expressList]}" onto public com.example.API.express.ExpressList com.example.API.express.ExpressQueryController.expressList(java.lang.String,java.lang.String,java.lang.String)
2017-04-22 16:48:47.530  INFO 3628 --- [main] s.w.s.m.m.a.RequestMappingHandlerMapping : Mapped "{[/]}" onto public java.lang.String com.example.controller.IndexController.root()
2017-04-22 16:48:47.531  INFO 3628 --- [main] s.w.s.m.m.a.RequestMappingHandlerMapping : Mapped "{[/403]}" onto public java.lang.String com.example.controller.IndexController.error()
2017-04-22 16:48:47.531  INFO 3628 --- [main] s.w.s.m.m.a.RequestMappingHandlerMapping : Mapped "{[/home]}" onto public java.lang.String com.example.controller.IndexController.home()
2017-04-22 16:48:47.532  INFO 3628 --- [main] s.w.s.m.m.a.RequestMappingHandlerMapping : Mapped "{[/admin],methods=[POST]}" onto public java.lang.String com.example.controller.IndexController.toAdmin()
2017-04-22 16:48:47.532  INFO 3628 --- [main] s.w.s.m.m.a.RequestMappingHandlerMapping : Mapped "{[/login]}" onto public java.lang.String com.example.controller.IndexController.login()
2017-04-22 16:48:47.532  INFO 3628 --- [main] s.w.s.m.m.a.RequestMappingHandlerMapping : Mapped "{[/hello]}" onto public java.lang.String com.example.controller.IndexController.hello()
2017-04-22 16:48:47.535  INFO 3628 --- [main] s.w.s.m.m.a.RequestMappingHandlerMapping : Mapped "{[/error]}" onto public org.springframework.http.ResponseEntity<java.util.Map<java.lang.String, java.lang.Object>> org.springframework.boot.autoconfigure.web.BasicErrorController.error(javax.servlet.http.HttpServletRequest)
2017-04-22 16:48:47.536  INFO 3628 --- [main] s.w.s.m.m.a.RequestMappingHandlerMapping : Mapped "{[/error],produces=[text/html]}" onto public org.springframework.web.servlet.ModelAndView org.springframework.boot.autoconfigure.web.BasicErrorController.errorHtml(javax.servlet.http.HttpServletRequest,javax.servlet.http.HttpServletResponse)
2017-04-22 16:48:47.617  INFO 3628 --- [main] o.s.w.s.handler.SimpleUrlHandlerMapping  : Mapped URL path [/webjars/**] onto handler of type [class org.springframework.web.servlet.resource.ResourceHttpRequestHandler]
2017-04-22 16:48:47.617  INFO 3628 --- [main] o.s.w.s.handler.SimpleUrlHandlerMapping  : Mapped URL path [/**] onto handler of type [class org.springframework.web.servlet.resource.ResourceHttpRequestHandler]
2017-04-22 16:48:47.696  INFO 3628 --- [main] o.s.w.s.handler.SimpleUrlHandlerMapping  : Mapped URL path [/**/favicon.ico] onto handler of type [class org.springframework.web.servlet.resource.ResourceHttpRequestHandler]
2017-04-22 16:48:48.475  INFO 3628 --- [main] o.s.s.web.DefaultSecurityFilterChain     : Creating filter chain: OrRequestMatcher [requestMatchers=[Ant [pattern='/css/**'], Ant [pattern='/js/**'], Ant [pattern='/images/**'], Ant [pattern='/webjars/**'], Ant [pattern='/**/favicon.ico'], Ant [pattern='/error']]], []
2017-04-22 16:48:48.630  INFO 3628 --- [main] o.s.s.web.DefaultSecurityFilterChain     : Creating filter chain: org.springframework.security.web.util.matcher.AnyRequestMatcher@1, [org.springframework.security.web.context.request.async.WebAsyncManagerIntegrationFilter@4204541c, org.springframework.security.web.context.SecurityContextPersistenceFilter@64337702, org.springframework.security.web.header.HeaderWriterFilter@2f058b8a, org.springframework.security.web.csrf.CsrfFilter@3d08f3f5, org.springframework.security.web.authentication.logout.LogoutFilter@2a65bb85, org.springframework.security.web.authentication.UsernamePasswordAuthenticationFilter@2ce86164, org.springframework.security.web.savedrequest.RequestCacheAwareFilter@41a90fa8, org.springframework.security.web.servletapi.SecurityContextHolderAwareRequestFilter@117e0fe5, org.springframework.security.web.authentication.AnonymousAuthenticationFilter@6a62689d, org.springframework.security.web.session.SessionManagementFilter@3f2ef586, org.springframework.security.web.access.ExceptionTranslationFilter@7fd4acee, org.springframework.security.web.access.intercept.FilterSecurityInterceptor@1c98290c]
2017-04-22 16:48:48.661  INFO 3628 --- [main] o.s.s.web.DefaultSecurityFilterChain     : Creating filter chain: OrRequestMatcher [requestMatchers=[Ant [pattern='/**']]], [org.springframework.security.web.context.request.async.WebAsyncManagerIntegrationFilter@5f3b9c57, org.springframework.security.web.context.SecurityContextPersistenceFilter@6865c751, org.springframework.security.web.header.HeaderWriterFilter@6d1d4d7, org.springframework.security.web.authentication.logout.LogoutFilter@1d71006f, org.springframework.security.web.authentication.www.BasicAuthenticationFilter@5b6813df, org.springframework.security.web.savedrequest.RequestCacheAwareFilter@62679465, org.springframework.security.web.servletapi.SecurityContextHolderAwareRequestFilter@6a988392, org.springframework.security.web.authentication.AnonymousAuthenticationFilter@1e044120, org.springframework.security.web.session.SessionManagementFilter@89ff02e, org.springframework.security.web.access.ExceptionTranslationFilter@533b266e, org.springframework.security.web.access.intercept.FilterSecurityInterceptor@33352f32]
2017-04-22 16:48:48.866  INFO 3628 --- [main] o.s.j.e.a.AnnotationMBeanExporter        : Registering beans for JMX exposure on startup
2017-04-22 16:48:48.948  INFO 3628 --- [main] s.b.c.e.t.TomcatEmbeddedServletContainer : Tomcat started on port(s): 9000 (http)
2017-04-22 16:48:48.955  INFO 3628 --- [main] com.example.DemoApplication              : Started DemoApplication in 9.375 seconds (JVM running for 10.143)
2017-04-22 16:48:54.880  INFO 3628 --- [http-nio-9000-exec-1] o.a.c.c.C.[Tomcat].[localhost].[/]       : Initializing Spring FrameworkServlet 'dispatcherServlet'
2017-04-22 16:48:54.882  INFO 3628 --- [http-nio-9000-exec-1] o.s.web.servlet.DispatcherServlet        : FrameworkServlet 'dispatcherServlet': initialization started
2017-04-22 16:48:54.905  INFO 3628 --- [http-nio-9000-exec-1] o.s.web.servlet.DispatcherServlet        : FrameworkServlet 'dispatcherServlet': initialization completed in 23 ms
2017-04-22 16:50:14.200  INFO 3628 --- [Thread-4] ationConfigEmbeddedWebApplicationContext : Closing org.springframework.boot.context.embedded.AnnotationConfigEmbeddedWebApplicationContext@7e0b37bc: startup date [Sat Apr 22 16:48:40 CST 2017]; root of context hierarchy
2017-04-22 16:50:14.203  INFO 3628 --- [Thread-4] o.s.j.e.a.AnnotationMBeanExporter        : Unregistering JMX-exposed beans on shutdown
2017-04-22 16:50:14.204  INFO 3628 --- [Thread-4] j.LocalContainerEntityManagerFactoryBean : Closing JPA EntityManagerFactory for persistence unit 'default'
2017-04-22 16:50:20.106  INFO 3630 --- [main] com.example.DemoApplication              : Starting DemoApplication v0.0.1-SNAPSHOT on ZeqiangdeMBP.lan with PID 3630 (/myfile/git/major/target/demo-0.0.1-SNAPSHOT.jar started by zqLuo in /myfile/git/major/target)
2017-04-22 16:50:20.111  INFO 3630 --- [main] com.example.DemoApplication              : No active profile set, falling back to default profiles: default
2017-04-22 16:50:20.548  INFO 3630 --- [main] ationConfigEmbeddedWebApplicationContext : Refreshing org.springframework.boot.context.embedded.AnnotationConfigEmbeddedWebApplicationContext@7e0b37bc: startup date [Sat Apr 22 16:50:20 CST 2017]; root of context hierarchy
2017-04-22 16:50:22.657  INFO 3630 --- [main] trationDelegate$BeanPostProcessorChecker : Bean 'org.springframework.transaction.annotation.ProxyTransactionManagementConfiguration' of type [org.springframework.transaction.annotation.ProxyTransactionManagementConfiguration$$EnhancerBySpringCGLIB$$dfbee17e] is not eligible for getting processed by all BeanPostProcessors (for example: not eligible for auto-proxying)
2017-04-22 16:50:22.748  INFO 3630 --- [main] trationDelegate$BeanPostProcessorChecker : Bean 'org.springframework.security.config.annotation.configuration.ObjectPostProcessorConfiguration' of type [org.springframework.security.config.annotation.configuration.ObjectPostProcessorConfiguration$$EnhancerBySpringCGLIB$$786ca9b8] is not eligible for getting processed by all BeanPostProcessors (for example: not eligible for auto-proxying)
2017-04-22 16:50:22.767  INFO 3630 --- [main] trationDelegate$BeanPostProcessorChecker : Bean 'objectPostProcessor' of type [org.springframework.security.config.annotation.configuration.AutowireBeanFactoryObjectPostProcessor] is not eligible for getting processed by all BeanPostProcessors (for example: not eligible for auto-proxying)
2017-04-22 16:50:22.774  INFO 3630 --- [main] trationDelegate$BeanPostProcessorChecker : Bean 'org.springframework.security.access.expression.method.DefaultMethodSecurityExpressionHandler@5cee5251' of type [org.springframework.security.oauth2.provider.expression.OAuth2MethodSecurityExpressionHandler] is not eligible for getting processed by all BeanPostProcessors (for example: not eligible for auto-proxying)
2017-04-22 16:50:22.782  INFO 3630 --- [main] trationDelegate$BeanPostProcessorChecker : Bean 'org.springframework.security.config.annotation.method.configuration.GlobalMethodSecurityConfiguration' of type [org.springframework.security.config.annotation.method.configuration.GlobalMethodSecurityConfiguration$$EnhancerBySpringCGLIB$$9d414c6a] is not eligible for getting processed by all BeanPostProcessors (for example: not eligible for auto-proxying)
2017-04-22 16:50:22.799  INFO 3630 --- [main] trationDelegate$BeanPostProcessorChecker : Bean 'methodSecurityMetadataSource' of type [org.springframework.security.access.method.DelegatingMethodSecurityMetadataSource] is not eligible for getting processed by all BeanPostProcessors (for example: not eligible for auto-proxying)
2017-04-22 16:50:23.255  INFO 3630 --- [main] s.b.c.e.t.TomcatEmbeddedServletContainer : Tomcat initialized with port(s): 9000 (http)
2017-04-22 16:50:23.273  INFO 3630 --- [main] o.apache.catalina.core.StandardService   : Starting service Tomcat
2017-04-22 16:50:23.276  INFO 3630 --- [main] org.apache.catalina.core.StandardEngine  : Starting Servlet Engine: Apache Tomcat/8.5.11
2017-04-22 16:50:23.410  INFO 3630 --- [localhost-startStop-1] o.a.c.c.C.[Tomcat].[localhost].[/]       : Initializing Spring embedded WebApplicationContext
2017-04-22 16:50:23.411  INFO 3630 --- [localhost-startStop-1] o.s.web.context.ContextLoader            : Root WebApplicationContext: initialization completed in 2863 ms
2017-04-22 16:50:23.725  INFO 3630 --- [localhost-startStop-1] o.s.b.w.servlet.FilterRegistrationBean   : Mapping filter: 'characterEncodingFilter' to: [/*]
2017-04-22 16:50:23.726  INFO 3630 --- [localhost-startStop-1] o.s.b.w.servlet.FilterRegistrationBean   : Mapping filter: 'hiddenHttpMethodFilter' to: [/*]
2017-04-22 16:50:23.727  INFO 3630 --- [localhost-startStop-1] o.s.b.w.servlet.FilterRegistrationBean   : Mapping filter: 'httpPutFormContentFilter' to: [/*]
2017-04-22 16:50:23.727  INFO 3630 --- [localhost-startStop-1] o.s.b.w.servlet.FilterRegistrationBean   : Mapping filter: 'requestContextFilter' to: [/*]
2017-04-22 16:50:23.728  INFO 3630 --- [localhost-startStop-1] .s.DelegatingFilterProxyRegistrationBean : Mapping filter: 'springSecurityFilterChain' to: [/*]
2017-04-22 16:50:23.729  INFO 3630 --- [localhost-startStop-1] o.s.b.w.servlet.ServletRegistrationBean  : Mapping servlet: 'dispatcherServlet' to [/]
2017-04-22 16:50:24.542  INFO 3630 --- [main] j.LocalContainerEntityManagerFactoryBean : Building JPA container EntityManagerFactory for persistence unit 'default'
2017-04-22 16:50:24.716  INFO 3630 --- [main] o.hibernate.jpa.internal.util.LogHelper  : HHH000204: Processing PersistenceUnitInfo [
	name: default
	...]
2017-04-22 16:50:24.858  INFO 3630 --- [main] org.hibernate.Version                    : HHH000412: Hibernate Core {5.0.12.Final}
2017-04-22 16:50:24.860  INFO 3630 --- [main] org.hibernate.cfg.Environment            : HHH000206: hibernate.properties not found
2017-04-22 16:50:24.863  INFO 3630 --- [main] org.hibernate.cfg.Environment            : HHH000021: Bytecode provider name : javassist
2017-04-22 16:50:24.920  INFO 3630 --- [main] o.hibernate.annotations.common.Version   : HCANN000001: Hibernate Commons Annotations {5.0.1.Final}
2017-04-22 16:50:25.194  INFO 3630 --- [main] org.hibernate.dialect.Dialect            : HHH000400: Using dialect: org.hibernate.dialect.MySQL5Dialect
2017-04-22 16:50:25.926  INFO 3630 --- [main] org.hibernate.tool.hbm2ddl.SchemaUpdate  : HHH000228: Running hbm2ddl schema update
2017-04-22 16:50:26.070  INFO 3630 --- [main] j.LocalContainerEntityManagerFactoryBean : Initialized JPA EntityManagerFactory for persistence unit 'default'
2017-04-22 16:50:26.855  INFO 3630 --- [main] o.h.h.i.QueryTranslatorFactoryInitiator  : HHH000397: Using ASTQueryTranslatorFactory
2017-04-22 16:50:27.534  INFO 3630 --- [main] s.w.s.m.m.a.RequestMappingHandlerAdapter : Looking for @ControllerAdvice: org.springframework.boot.context.embedded.AnnotationConfigEmbeddedWebApplicationContext@7e0b37bc: startup date [Sat Apr 22 16:50:20 CST 2017]; root of context hierarchy
2017-04-22 16:50:27.679  INFO 3630 --- [main] s.w.s.m.m.a.RequestMappingHandlerMapping : Mapped "{[/expressQuery/showapiExpInfo]}" onto public com.example.API.express.ShowapiExpInfo com.example.API.express.ExpressQueryController.showapiExpInfo(java.lang.String,java.lang.String)
2017-04-22 16:50:27.681  INFO 3630 --- [main] s.w.s.m.m.a.RequestMappingHandlerMapping : Mapped "{[/expressQuery/fetchCom]}" onto public com.example.API.express.FetchCom com.example.API.express.ExpressQueryController.fetchCom(java.lang.String)
2017-04-22 16:50:27.682  INFO 3630 --- [main] s.w.s.m.m.a.RequestMappingHandlerMapping : Mapped "{[/expressQuery/expressList]}" onto public com.example.API.express.ExpressList com.example.API.express.ExpressQueryController.expressList(java.lang.String,java.lang.String,java.lang.String)
2017-04-22 16:50:27.684  INFO 3630 --- [main] s.w.s.m.m.a.RequestMappingHandlerMapping : Mapped "{[/]}" onto public java.lang.String com.example.controller.IndexController.root()
2017-04-22 16:50:27.684  INFO 3630 --- [main] s.w.s.m.m.a.RequestMappingHandlerMapping : Mapped "{[/403]}" onto public java.lang.String com.example.controller.IndexController.error()
2017-04-22 16:50:27.684  INFO 3630 --- [main] s.w.s.m.m.a.RequestMappingHandlerMapping : Mapped "{[/home]}" onto public java.lang.String com.example.controller.IndexController.home()
2017-04-22 16:50:27.685  INFO 3630 --- [main] s.w.s.m.m.a.RequestMappingHandlerMapping : Mapped "{[/admin],methods=[POST]}" onto public java.lang.String com.example.controller.IndexController.toAdmin()
2017-04-22 16:50:27.685  INFO 3630 --- [main] s.w.s.m.m.a.RequestMappingHandlerMapping : Mapped "{[/login]}" onto public java.lang.String com.example.controller.IndexController.login()
2017-04-22 16:50:27.685  INFO 3630 --- [main] s.w.s.m.m.a.RequestMappingHandlerMapping : Mapped "{[/hello]}" onto public java.lang.String com.example.controller.IndexController.hello()
2017-04-22 16:50:27.689  INFO 3630 --- [main] s.w.s.m.m.a.RequestMappingHandlerMapping : Mapped "{[/error]}" onto public org.springframework.http.ResponseEntity<java.util.Map<java.lang.String, java.lang.Object>> org.springframework.boot.autoconfigure.web.BasicErrorController.error(javax.servlet.http.HttpServletRequest)
2017-04-22 16:50:27.690  INFO 3630 --- [main] s.w.s.m.m.a.RequestMappingHandlerMapping : Mapped "{[/error],produces=[text/html]}" onto public org.springframework.web.servlet.ModelAndView org.springframework.boot.autoconfigure.web.BasicErrorController.errorHtml(javax.servlet.http.HttpServletRequest,javax.servlet.http.HttpServletResponse)
2017-04-22 16:50:27.776  INFO 3630 --- [main] o.s.w.s.handler.SimpleUrlHandlerMapping  : Mapped URL path [/webjars/**] onto handler of type [class org.springframework.web.servlet.resource.ResourceHttpRequestHandler]
2017-04-22 16:50:27.776  INFO 3630 --- [main] o.s.w.s.handler.SimpleUrlHandlerMapping  : Mapped URL path [/**] onto handler of type [class org.springframework.web.servlet.resource.ResourceHttpRequestHandler]
2017-04-22 16:50:27.863  INFO 3630 --- [main] o.s.w.s.handler.SimpleUrlHandlerMapping  : Mapped URL path [/**/favicon.ico] onto handler of type [class org.springframework.web.servlet.resource.ResourceHttpRequestHandler]
2017-04-22 16:50:28.833  INFO 3630 --- [main] o.s.s.web.DefaultSecurityFilterChain     : Creating filter chain: OrRequestMatcher [requestMatchers=[Ant [pattern='/css/**'], Ant [pattern='/js/**'], Ant [pattern='/images/**'], Ant [pattern='/webjars/**'], Ant [pattern='/**/favicon.ico'], Ant [pattern='/error']]], []
2017-04-22 16:50:28.990  INFO 3630 --- [main] o.s.s.web.DefaultSecurityFilterChain     : Creating filter chain: org.springframework.security.web.util.matcher.AnyRequestMatcher@1, [org.springframework.security.web.context.request.async.WebAsyncManagerIntegrationFilter@191ae03f, org.springframework.security.web.context.SecurityContextPersistenceFilter@6175619b, org.springframework.security.web.header.HeaderWriterFilter@119f1f2a, org.springframework.security.web.csrf.CsrfFilter@625e134e, org.springframework.security.web.authentication.logout.LogoutFilter@30ea8c23, org.springframework.security.web.authentication.UsernamePasswordAuthenticationFilter@35beb15e, org.springframework.security.web.savedrequest.RequestCacheAwareFilter@756cf158, org.springframework.security.web.servletapi.SecurityContextHolderAwareRequestFilter@76c7beb3, org.springframework.security.web.authentication.AnonymousAuthenticationFilter@9635fa, org.springframework.security.web.session.SessionManagementFilter@5b970f7, org.springframework.security.web.access.ExceptionTranslationFilter@4fe89c24, org.springframework.security.web.access.intercept.FilterSecurityInterceptor@26fb628]
2017-04-22 16:50:29.022  INFO 3630 --- [main] o.s.s.web.DefaultSecurityFilterChain     : Creating filter chain: OrRequestMatcher [requestMatchers=[Ant [pattern='/**']]], [org.springframework.security.web.context.request.async.WebAsyncManagerIntegrationFilter@5fcacc0, org.springframework.security.web.context.SecurityContextPersistenceFilter@4204541c, org.springframework.security.web.header.HeaderWriterFilter@fd46303, org.springframework.security.web.authentication.logout.LogoutFilter@60fa3495, org.springframework.security.web.authentication.www.BasicAuthenticationFilter@3e2822, org.springframework.security.web.savedrequest.RequestCacheAwareFilter@6a62689d, org.springframework.security.web.servletapi.SecurityContextHolderAwareRequestFilter@4602c2a9, org.springframework.security.web.authentication.AnonymousAuthenticationFilter@533b266e, org.springframework.security.web.session.SessionManagementFilter@60d8c0dc, org.springframework.security.web.access.ExceptionTranslationFilter@51df223b, org.springframework.security.web.access.intercept.FilterSecurityInterceptor@1ca25c47]
2017-04-22 16:50:29.227  INFO 3630 --- [main] o.s.j.e.a.AnnotationMBeanExporter        : Registering beans for JMX exposure on startup
2017-04-22 16:50:29.312  INFO 3630 --- [main] s.b.c.e.t.TomcatEmbeddedServletContainer : Tomcat started on port(s): 9000 (http)
2017-04-22 16:50:29.319  INFO 3630 --- [main] com.example.DemoApplication              : Started DemoApplication in 9.693 seconds (JVM running for 10.501)
2017-04-22 16:50:32.941  INFO 3630 --- [http-nio-9000-exec-1] o.a.c.c.C.[Tomcat].[localhost].[/]       : Initializing Spring FrameworkServlet 'dispatcherServlet'
2017-04-22 16:50:32.941  INFO 3630 --- [http-nio-9000-exec-1] o.s.web.servlet.DispatcherServlet        : FrameworkServlet 'dispatcherServlet': initialization started
2017-04-22 16:50:32.967  INFO 3630 --- [http-nio-9000-exec-1] o.s.web.servlet.DispatcherServlet        : FrameworkServlet 'dispatcherServlet': initialization completed in 26 ms
2017-04-22 16:50:48.853  INFO 3630 --- [Thread-4] ationConfigEmbeddedWebApplicationContext : Closing org.springframework.boot.context.embedded.AnnotationConfigEmbeddedWebApplicationContext@7e0b37bc: startup date [Sat Apr 22 16:50:20 CST 2017]; root of context hierarchy
2017-04-22 16:50:48.857  INFO 3630 --- [Thread-4] o.s.j.e.a.AnnotationMBeanExporter        : Unregistering JMX-exposed beans on shutdown
2017-04-22 16:50:48.858  INFO 3630 --- [Thread-4] j.LocalContainerEntityManagerFactoryBean : Closing JPA EntityManagerFactory for persistence unit 'default'
2017-04-22 16:51:57.518  INFO 3664 --- [main] com.example.DemoApplication              : Starting DemoApplication v0.0.1-SNAPSHOT on ZeqiangdeMBP.lan with PID 3664 (/myfile/git/major/target/demo-0.0.1-SNAPSHOT.jar started by zqLuo in /myfile/git/major/target)
2017-04-22 16:51:57.526  INFO 3664 --- [main] com.example.DemoApplication              : The following profiles are active: dev
2017-04-22 16:51:57.964  INFO 3664 --- [main] ationConfigEmbeddedWebApplicationContext : Refreshing org.springframework.boot.context.embedded.AnnotationConfigEmbeddedWebApplicationContext@6bf2d08e: startup date [Sat Apr 22 16:51:57 CST 2017]; root of context hierarchy
2017-04-22 16:52:00.503  INFO 3664 --- [main] trationDelegate$BeanPostProcessorChecker : Bean 'org.springframework.transaction.annotation.ProxyTransactionManagementConfiguration' of type [org.springframework.transaction.annotation.ProxyTransactionManagementConfiguration$$EnhancerBySpringCGLIB$$29b719ca] is not eligible for getting processed by all BeanPostProcessors (for example: not eligible for auto-proxying)
2017-04-22 16:52:00.586  INFO 3664 --- [main] trationDelegate$BeanPostProcessorChecker : Bean 'org.springframework.security.config.annotation.configuration.ObjectPostProcessorConfiguration' of type [org.springframework.security.config.annotation.configuration.ObjectPostProcessorConfiguration$$EnhancerBySpringCGLIB$$c264e204] is not eligible for getting processed by all BeanPostProcessors (for example: not eligible for auto-proxying)
2017-04-22 16:52:00.599  INFO 3664 --- [main] trationDelegate$BeanPostProcessorChecker : Bean 'objectPostProcessor' of type [org.springframework.security.config.annotation.configuration.AutowireBeanFactoryObjectPostProcessor] is not eligible for getting processed by all BeanPostProcessors (for example: not eligible for auto-proxying)
2017-04-22 16:52:00.605  INFO 3664 --- [main] trationDelegate$BeanPostProcessorChecker : Bean 'org.springframework.security.access.expression.method.DefaultMethodSecurityExpressionHandler@149e0f5d' of type [org.springframework.security.oauth2.provider.expression.OAuth2MethodSecurityExpressionHandler] is not eligible for getting processed by all BeanPostProcessors (for example: not eligible for auto-proxying)
2017-04-22 16:52:00.616  INFO 3664 --- [main] trationDelegate$BeanPostProcessorChecker : Bean 'org.springframework.security.config.annotation.method.configuration.GlobalMethodSecurityConfiguration' of type [org.springframework.security.config.annotation.method.configuration.GlobalMethodSecurityConfiguration$$EnhancerBySpringCGLIB$$e73984b6] is not eligible for getting processed by all BeanPostProcessors (for example: not eligible for auto-proxying)
2017-04-22 16:52:00.639  INFO 3664 --- [main] trationDelegate$BeanPostProcessorChecker : Bean 'methodSecurityMetadataSource' of type [org.springframework.security.access.method.DelegatingMethodSecurityMetadataSource] is not eligible for getting processed by all BeanPostProcessors (for example: not eligible for auto-proxying)
2017-04-22 16:52:01.174  INFO 3664 --- [main] s.b.c.e.t.TomcatEmbeddedServletContainer : Tomcat initialized with port(s): 9000 (http)
2017-04-22 16:52:01.203  INFO 3664 --- [main] o.apache.catalina.core.StandardService   : Starting service Tomcat
2017-04-22 16:52:01.205  INFO 3664 --- [main] org.apache.catalina.core.StandardEngine  : Starting Servlet Engine: Apache Tomcat/8.5.11
2017-04-22 16:52:01.349  INFO 3664 --- [localhost-startStop-1] o.a.c.c.C.[Tomcat].[localhost].[/]       : Initializing Spring embedded WebApplicationContext
2017-04-22 16:52:01.349  INFO 3664 --- [localhost-startStop-1] o.s.web.context.ContextLoader            : Root WebApplicationContext: initialization completed in 3385 ms
2017-04-22 16:52:01.677  INFO 3664 --- [localhost-startStop-1] o.s.b.w.servlet.FilterRegistrationBean   : Mapping filter: 'characterEncodingFilter' to: [/*]
2017-04-22 16:52:01.677  INFO 3664 --- [localhost-startStop-1] o.s.b.w.servlet.FilterRegistrationBean   : Mapping filter: 'hiddenHttpMethodFilter' to: [/*]
2017-04-22 16:52:01.678  INFO 3664 --- [localhost-startStop-1] o.s.b.w.servlet.FilterRegistrationBean   : Mapping filter: 'httpPutFormContentFilter' to: [/*]
2017-04-22 16:52:01.680  INFO 3664 --- [localhost-startStop-1] .s.DelegatingFilterProxyRegistrationBean : Mapping filter: 'springSecurityFilterChain' to: [/*]
2017-04-22 16:52:01.680  INFO 3664 --- [localhost-startStop-1] o.s.b.w.servlet.ServletRegistrationBean  : Mapping servlet: 'dispatcherServlet' to [/]
2017-04-22 16:52:02.508  INFO 3664 --- [main] j.LocalContainerEntityManagerFactoryBean : Building JPA container EntityManagerFactory for persistence unit 'default'
2017-04-22 16:52:02.767  INFO 3664 --- [main] o.hibernate.jpa.internal.util.LogHelper  : HHH000204: Processing PersistenceUnitInfo [
	name: default
	...]
2017-04-22 16:52:02.954  INFO 3664 --- [main] org.hibernate.Version                    : HHH000412: Hibernate Core {5.0.12.Final}
2017-04-22 16:52:02.956  INFO 3664 --- [main] org.hibernate.cfg.Environment            : HHH000206: hibernate.properties not found
2017-04-22 16:52:02.958  INFO 3664 --- [main] org.hibernate.cfg.Environment            : HHH000021: Bytecode provider name : javassist
2017-04-22 16:52:03.036  INFO 3664 --- [main] o.hibernate.annotations.common.Version   : HCANN000001: Hibernate Commons Annotations {5.0.1.Final}
2017-04-22 16:52:03.330  INFO 3664 --- [main] org.hibernate.dialect.Dialect            : HHH000400: Using dialect: org.hibernate.dialect.MySQL5Dialect
2017-04-22 16:52:04.008  INFO 3664 --- [main] org.hibernate.tool.hbm2ddl.SchemaUpdate  : HHH000228: Running hbm2ddl schema update
2017-04-22 16:52:04.212  INFO 3664 --- [main] j.LocalContainerEntityManagerFactoryBean : Initialized JPA EntityManagerFactory for persistence unit 'default'
2017-04-22 16:52:05.385  INFO 3664 --- [main] o.h.h.i.QueryTranslatorFactoryInitiator  : HHH000397: Using ASTQueryTranslatorFactory
2017-04-22 16:52:06.214  INFO 3664 --- [main] s.w.s.m.m.a.RequestMappingHandlerAdapter : Looking for @ControllerAdvice: org.springframework.boot.context.embedded.AnnotationConfigEmbeddedWebApplicationContext@6bf2d08e: startup date [Sat Apr 22 16:51:57 CST 2017]; root of context hierarchy
2017-04-22 16:52:06.378  INFO 3664 --- [main] s.w.s.m.m.a.RequestMappingHandlerMapping : Mapped "{[/expressQuery/fetchCom]}" onto public com.example.API.express.FetchCom com.example.API.express.ExpressQueryController.fetchCom(java.lang.String)
2017-04-22 16:52:06.380  INFO 3664 --- [main] s.w.s.m.m.a.RequestMappingHandlerMapping : Mapped "{[/expressQuery/showapiExpInfo]}" onto public com.example.API.express.ShowapiExpInfo com.example.API.express.ExpressQueryController.showapiExpInfo(java.lang.String,java.lang.String)
2017-04-22 16:52:06.380  INFO 3664 --- [main] s.w.s.m.m.a.RequestMappingHandlerMapping : Mapped "{[/expressQuery/expressList]}" onto public com.example.API.express.ExpressList com.example.API.express.ExpressQueryController.expressList(java.lang.String,java.lang.String,java.lang.String)
2017-04-22 16:52:06.381  INFO 3664 --- [main] s.w.s.m.m.a.RequestMappingHandlerMapping : Mapped "{[/index]}" onto public java.lang.String com.example.controller.IndexController.index(org.springframework.ui.Model,org.apache.catalina.servlet4preview.http.HttpServletRequest)
2017-04-22 16:52:06.382  INFO 3664 --- [main] s.w.s.m.m.a.RequestMappingHandlerMapping : Mapped "{[/]}" onto public java.lang.String com.example.controller.IndexController.root(org.springframework.ui.Model,org.apache.catalina.servlet4preview.http.HttpServletRequest)
2017-04-22 16:52:06.383  INFO 3664 --- [main] s.w.s.m.m.a.RequestMappingHandlerMapping : Mapped "{[/403]}" onto public java.lang.String com.example.controller.IndexController.error()
2017-04-22 16:52:06.383  INFO 3664 --- [main] s.w.s.m.m.a.RequestMappingHandlerMapping : Mapped "{[/login]}" onto public java.lang.String com.example.controller.IndexController.login()
2017-04-22 16:52:06.386  INFO 3664 --- [main] s.w.s.m.m.a.RequestMappingHandlerMapping : Mapped "{[/error]}" onto public org.springframework.http.ResponseEntity<java.util.Map<java.lang.String, java.lang.Object>> org.springframework.boot.autoconfigure.web.BasicErrorController.error(javax.servlet.http.HttpServletRequest)
2017-04-22 16:52:06.387  INFO 3664 --- [main] s.w.s.m.m.a.RequestMappingHandlerMapping : Mapped "{[/error],produces=[text/html]}" onto public org.springframework.web.servlet.ModelAndView org.springframework.boot.autoconfigure.web.BasicErrorController.errorHtml(javax.servlet.http.HttpServletRequest,javax.servlet.http.HttpServletResponse)
2017-04-22 16:52:06.469  INFO 3664 --- [main] o.s.w.s.handler.SimpleUrlHandlerMapping  : Mapped URL path [/webjars/**] onto handler of type [class org.springframework.web.servlet.resource.ResourceHttpRequestHandler]
2017-04-22 16:52:06.470  INFO 3664 --- [main] o.s.w.s.handler.SimpleUrlHandlerMapping  : Mapped URL path [/**] onto handler of type [class org.springframework.web.servlet.resource.ResourceHttpRequestHandler]
2017-04-22 16:52:06.556  INFO 3664 --- [main] o.s.w.s.handler.SimpleUrlHandlerMapping  : Mapped URL path [/**/favicon.ico] onto handler of type [class org.springframework.web.servlet.resource.ResourceHttpRequestHandler]
2017-04-22 16:52:07.929  INFO 3664 --- [main] o.s.s.web.DefaultSecurityFilterChain     : Creating filter chain: OrRequestMatcher [requestMatchers=[Ant [pattern='/css/**'], Ant [pattern='/js/**'], Ant [pattern='/images/**'], Ant [pattern='/webjars/**'], Ant [pattern='/**/favicon.ico'], Ant [pattern='/error']]], []
2017-04-22 16:52:08.100  INFO 3664 --- [main] o.s.s.web.DefaultSecurityFilterChain     : Creating filter chain: org.springframework.security.web.util.matcher.AnyRequestMatcher@1, [org.springframework.security.web.context.request.async.WebAsyncManagerIntegrationFilter@182f1e9a, org.springframework.security.web.context.SecurityContextPersistenceFilter@7a56812e, org.springframework.security.web.header.HeaderWriterFilter@4e4efc1b, org.springframework.security.web.csrf.CsrfFilter@16423501, org.springframework.security.web.authentication.logout.LogoutFilter@43ed0ff3, org.springframework.security.web.authentication.UsernamePasswordAuthenticationFilter@b5cc23a, org.springframework.security.web.savedrequest.RequestCacheAwareFilter@7eb01b12, org.springframework.security.web.servletapi.SecurityContextHolderAwareRequestFilter@7e70bd39, org.springframework.security.web.authentication.AnonymousAuthenticationFilter@6928f576, org.springframework.security.web.session.SessionManagementFilter@7cc586a8, org.springframework.security.web.access.ExceptionTranslationFilter@307765b4, org.springframework.security.web.access.intercept.FilterSecurityInterceptor@5fe8b721]
2017-04-22 16:52:08.120  INFO 3664 --- [main] o.s.s.web.DefaultSecurityFilterChain     : Creating filter chain: OrRequestMatcher [requestMatchers=[Ant [pattern='/**']]], [org.springframework.security.web.context.request.async.WebAsyncManagerIntegrationFilter@5003041b, org.springframework.security.web.context.SecurityContextPersistenceFilter@e24ddd0, org.springframework.security.web.header.HeaderWriterFilter@4eeea57d, org.springframework.security.web.authentication.logout.LogoutFilter@5aabbb29, org.springframework.security.web.authentication.www.BasicAuthenticationFilter@72c927f1, org.springframework.security.web.savedrequest.RequestCacheAwareFilter@6f70f32f, org.springframework.security.web.servletapi.SecurityContextHolderAwareRequestFilter@548e76f1, org.springframework.security.web.authentication.AnonymousAuthenticationFilter@724bade8, org.springframework.security.web.session.SessionManagementFilter@780ec4a5, org.springframework.security.web.access.ExceptionTranslationFilter@61a002b1, org.springframework.security.web.access.intercept.FilterSecurityInterceptor@59a67c3a]
2017-04-22 16:52:08.275  INFO 3664 --- [main] o.s.j.e.a.AnnotationMBeanExporter        : Registering beans for JMX exposure on startup
2017-04-22 16:52:08.358  INFO 3664 --- [main] s.b.c.e.t.TomcatEmbeddedServletContainer : Tomcat started on port(s): 9000 (http)
2017-04-22 16:52:08.366  INFO 3664 --- [main] com.example.DemoApplication              : Started DemoApplication in 11.386 seconds (JVM running for 12.149)
2017-04-22 16:52:12.529  INFO 3664 --- [http-nio-9000-exec-1] o.a.c.c.C.[Tomcat].[localhost].[/]       : Initializing Spring FrameworkServlet 'dispatcherServlet'
2017-04-22 16:52:12.531  INFO 3664 --- [http-nio-9000-exec-1] o.s.web.servlet.DispatcherServlet        : FrameworkServlet 'dispatcherServlet': initialization started
2017-04-22 16:52:12.562  INFO 3664 --- [http-nio-9000-exec-1] o.s.web.servlet.DispatcherServlet        : FrameworkServlet 'dispatcherServlet': initialization completed in 31 ms
2017-04-22 16:52:20.608  INFO 3664 --- [http-nio-9000-exec-4] com.example.config.LoginSuccessHandler   :  admin 
2017-04-22 16:52:20.609  INFO 3664 --- [http-nio-9000-exec-4] com.example.config.LoginSuccessHandler   : IP :127.0.0.1
2017-04-22 16:52:31.895  INFO 3664 --- [Thread-4] ationConfigEmbeddedWebApplicationContext : Closing org.springframework.boot.context.embedded.AnnotationConfigEmbeddedWebApplicationContext@6bf2d08e: startup date [Sat Apr 22 16:51:57 CST 2017]; root of context hierarchy
2017-04-22 16:52:31.899  INFO 3664 --- [Thread-4] o.s.j.e.a.AnnotationMBeanExporter        : Unregistering JMX-exposed beans on shutdown
2017-04-22 16:52:31.901  INFO 3664 --- [Thread-4] j.LocalContainerEntityManagerFactoryBean : Closing JPA EntityManagerFactory for persistence unit 'default'
2017-04-22 16:52:34.738  INFO 3669 --- [main] com.example.DemoApplication              : Starting DemoApplication v0.0.1-SNAPSHOT on ZeqiangdeMBP.lan with PID 3669 (/myfile/git/major/target/demo-0.0.1-SNAPSHOT.jar started by zqLuo in /myfile/git/major/target)
2017-04-22 16:52:34.745  INFO 3669 --- [main] com.example.DemoApplication              : The following profiles are active: dev
2017-04-22 16:52:35.187  INFO 3669 --- [main] ationConfigEmbeddedWebApplicationContext : Refreshing org.springframework.boot.context.embedded.AnnotationConfigEmbeddedWebApplicationContext@6bf2d08e: startup date [Sat Apr 22 16:52:35 CST 2017]; root of context hierarchy
2017-04-22 16:52:37.422  INFO 3669 --- [main] trationDelegate$BeanPostProcessorChecker : Bean 'org.springframework.transaction.annotation.ProxyTransactionManagementConfiguration' of type [org.springframework.transaction.annotation.ProxyTransactionManagementConfiguration$$EnhancerBySpringCGLIB$$379d387f] is not eligible for getting processed by all BeanPostProcessors (for example: not eligible for auto-proxying)
2017-04-22 16:52:37.507  INFO 3669 --- [main] trationDelegate$BeanPostProcessorChecker : Bean 'org.springframework.security.config.annotation.configuration.ObjectPostProcessorConfiguration' of type [org.springframework.security.config.annotation.configuration.ObjectPostProcessorConfiguration$$EnhancerBySpringCGLIB$$d04b00b9] is not eligible for getting processed by all BeanPostProcessors (for example: not eligible for auto-proxying)
2017-04-22 16:52:37.521  INFO 3669 --- [main] trationDelegate$BeanPostProcessorChecker : Bean 'objectPostProcessor' of type [org.springframework.security.config.annotation.configuration.AutowireBeanFactoryObjectPostProcessor] is not eligible for getting processed by all BeanPostProcessors (for example: not eligible for auto-proxying)
2017-04-22 16:52:37.526  INFO 3669 --- [main] trationDelegate$BeanPostProcessorChecker : Bean 'org.springframework.security.access.expression.method.DefaultMethodSecurityExpressionHandler@3c22fc4c' of type [org.springframework.security.oauth2.provider.expression.OAuth2MethodSecurityExpressionHandler] is not eligible for getting processed by all BeanPostProcessors (for example: not eligible for auto-proxying)
2017-04-22 16:52:37.541  INFO 3669 --- [main] trationDelegate$BeanPostProcessorChecker : Bean 'org.springframework.security.config.annotation.method.configuration.GlobalMethodSecurityConfiguration' of type [org.springframework.security.config.annotation.method.configuration.GlobalMethodSecurityConfiguration$$EnhancerBySpringCGLIB$$f51fa36b] is not eligible for getting processed by all BeanPostProcessors (for example: not eligible for auto-proxying)
2017-04-22 16:52:37.564  INFO 3669 --- [main] trationDelegate$BeanPostProcessorChecker : Bean 'methodSecurityMetadataSource' of type [org.springframework.security.access.method.DelegatingMethodSecurityMetadataSource] is not eligible for getting processed by all BeanPostProcessors (for example: not eligible for auto-proxying)
2017-04-22 16:52:38.019  INFO 3669 --- [main] s.b.c.e.t.TomcatEmbeddedServletContainer : Tomcat initialized with port(s): 9000 (http)
2017-04-22 16:52:38.036  INFO 3669 --- [main] o.apache.catalina.core.StandardService   : Starting service Tomcat
2017-04-22 16:52:38.037  INFO 3669 --- [main] org.apache.catalina.core.StandardEngine  : Starting Servlet Engine: Apache Tomcat/8.5.11
2017-04-22 16:52:38.166  INFO 3669 --- [localhost-startStop-1] o.a.c.c.C.[Tomcat].[localhost].[/]       : Initializing Spring embedded WebApplicationContext
2017-04-22 16:52:38.167  INFO 3669 --- [localhost-startStop-1] o.s.web.context.ContextLoader            : Root WebApplicationContext: initialization completed in 2980 ms
2017-04-22 16:52:38.504  INFO 3669 --- [localhost-startStop-1] o.s.b.w.servlet.FilterRegistrationBean   : Mapping filter: 'characterEncodingFilter' to: [/*]
2017-04-22 16:52:38.504  INFO 3669 --- [localhost-startStop-1] o.s.b.w.servlet.FilterRegistrationBean   : Mapping filter: 'hiddenHttpMethodFilter' to: [/*]
2017-04-22 16:52:38.505  INFO 3669 --- [localhost-startStop-1] o.s.b.w.servlet.FilterRegistrationBean   : Mapping filter: 'httpPutFormContentFilter' to: [/*]
2017-04-22 16:52:38.507  INFO 3669 --- [localhost-startStop-1] .s.DelegatingFilterProxyRegistrationBean : Mapping filter: 'springSecurityFilterChain' to: [/*]
2017-04-22 16:52:38.507  INFO 3669 --- [localhost-startStop-1] o.s.b.w.servlet.ServletRegistrationBean  : Mapping servlet: 'dispatcherServlet' to [/]
2017-04-22 16:52:39.323  INFO 3669 --- [main] j.LocalContainerEntityManagerFactoryBean : Building JPA container EntityManagerFactory for persistence unit 'default'
2017-04-22 16:52:39.480  INFO 3669 --- [main] o.hibernate.jpa.internal.util.LogHelper  : HHH000204: Processing PersistenceUnitInfo [
	name: default
	...]
2017-04-22 16:52:39.603  INFO 3669 --- [main] org.hibernate.Version                    : HHH000412: Hibernate Core {5.0.12.Final}
2017-04-22 16:52:39.606  INFO 3669 --- [main] org.hibernate.cfg.Environment            : HHH000206: hibernate.properties not found
2017-04-22 16:52:39.608  INFO 3669 --- [main] org.hibernate.cfg.Environment            : HHH000021: Bytecode provider name : javassist
2017-04-22 16:52:39.680  INFO 3669 --- [main] o.hibernate.annotations.common.Version   : HCANN000001: Hibernate Commons Annotations {5.0.1.Final}
2017-04-22 16:52:39.971  INFO 3669 --- [main] org.hibernate.dialect.Dialect            : HHH000400: Using dialect: org.hibernate.dialect.MySQL5Dialect
2017-04-22 16:52:40.713  INFO 3669 --- [main] org.hibernate.tool.hbm2ddl.SchemaUpdate  : HHH000228: Running hbm2ddl schema update
2017-04-22 16:52:40.954  INFO 3669 --- [main] j.LocalContainerEntityManagerFactoryBean : Initialized JPA EntityManagerFactory for persistence unit 'default'
2017-04-22 16:52:41.790  INFO 3669 --- [main] o.h.h.i.QueryTranslatorFactoryInitiator  : HHH000397: Using ASTQueryTranslatorFactory
2017-04-22 16:52:42.518  INFO 3669 --- [main] s.w.s.m.m.a.RequestMappingHandlerAdapter : Looking for @ControllerAdvice: org.springframework.boot.context.embedded.AnnotationConfigEmbeddedWebApplicationContext@6bf2d08e: startup date [Sat Apr 22 16:52:35 CST 2017]; root of context hierarchy
2017-04-22 16:52:42.652  INFO 3669 --- [main] s.w.s.m.m.a.RequestMappingHandlerMapping : Mapped "{[/expressQuery/showapiExpInfo]}" onto public com.example.API.express.ShowapiExpInfo com.example.API.express.ExpressQueryController.showapiExpInfo(java.lang.String,java.lang.String)
2017-04-22 16:52:42.653  INFO 3669 --- [main] s.w.s.m.m.a.RequestMappingHandlerMapping : Mapped "{[/expressQuery/fetchCom]}" onto public com.example.API.express.FetchCom com.example.API.express.ExpressQueryController.fetchCom(java.lang.String)
2017-04-22 16:52:42.654  INFO 3669 --- [main] s.w.s.m.m.a.RequestMappingHandlerMapping : Mapped "{[/expressQuery/expressList]}" onto public com.example.API.express.ExpressList com.example.API.express.ExpressQueryController.expressList(java.lang.String,java.lang.String,java.lang.String)
2017-04-22 16:52:42.655  INFO 3669 --- [main] s.w.s.m.m.a.RequestMappingHandlerMapping : Mapped "{[/index]}" onto public java.lang.String com.example.controller.IndexController.index(org.springframework.ui.Model,org.apache.catalina.servlet4preview.http.HttpServletRequest)
2017-04-22 16:52:42.656  INFO 3669 --- [main] s.w.s.m.m.a.RequestMappingHandlerMapping : Mapped "{[/]}" onto public java.lang.String com.example.controller.IndexController.root(org.springframework.ui.Model,org.apache.catalina.servlet4preview.http.HttpServletRequest)
2017-04-22 16:52:42.656  INFO 3669 --- [main] s.w.s.m.m.a.RequestMappingHandlerMapping : Mapped "{[/403]}" onto public java.lang.String com.example.controller.IndexController.error()
2017-04-22 16:52:42.656  INFO 3669 --- [main] s.w.s.m.m.a.RequestMappingHandlerMapping : Mapped "{[/login]}" onto public java.lang.String com.example.controller.IndexController.login()
2017-04-22 16:52:42.659  INFO 3669 --- [main] s.w.s.m.m.a.RequestMappingHandlerMapping : Mapped "{[/error]}" onto public org.springframework.http.ResponseEntity<java.util.Map<java.lang.String, java.lang.Object>> org.springframework.boot.autoconfigure.web.BasicErrorController.error(javax.servlet.http.HttpServletRequest)
2017-04-22 16:52:42.659  INFO 3669 --- [main] s.w.s.m.m.a.RequestMappingHandlerMapping : Mapped "{[/error],produces=[text/html]}" onto public org.springframework.web.servlet.ModelAndView org.springframework.boot.autoconfigure.web.BasicErrorController.errorHtml(javax.servlet.http.HttpServletRequest,javax.servlet.http.HttpServletResponse)
2017-04-22 16:52:42.738  INFO 3669 --- [main] o.s.w.s.handler.SimpleUrlHandlerMapping  : Mapped URL path [/webjars/**] onto handler of type [class org.springframework.web.servlet.resource.ResourceHttpRequestHandler]
2017-04-22 16:52:42.739  INFO 3669 --- [main] o.s.w.s.handler.SimpleUrlHandlerMapping  : Mapped URL path [/**] onto handler of type [class org.springframework.web.servlet.resource.ResourceHttpRequestHandler]
2017-04-22 16:52:42.830  INFO 3669 --- [main] o.s.w.s.handler.SimpleUrlHandlerMapping  : Mapped URL path [/**/favicon.ico] onto handler of type [class org.springframework.web.servlet.resource.ResourceHttpRequestHandler]
2017-04-22 16:52:43.668  INFO 3669 --- [main] o.s.s.web.DefaultSecurityFilterChain     : Creating filter chain: OrRequestMatcher [requestMatchers=[Ant [pattern='/css/**'], Ant [pattern='/js/**'], Ant [pattern='/images/**'], Ant [pattern='/webjars/**'], Ant [pattern='/**/favicon.ico'], Ant [pattern='/error']]], []
2017-04-22 16:52:43.782  INFO 3669 --- [main] o.s.s.web.DefaultSecurityFilterChain     : Creating filter chain: org.springframework.security.web.util.matcher.AnyRequestMatcher@1, [org.springframework.security.web.context.request.async.WebAsyncManagerIntegrationFilter@11389053, org.springframework.security.web.context.SecurityContextPersistenceFilter@59aa20b3, org.springframework.security.web.header.HeaderWriterFilter@1eba372c, org.springframework.security.web.csrf.CsrfFilter@48c40605, org.springframework.security.web.authentication.logout.LogoutFilter@29876704, org.springframework.security.web.authentication.UsernamePasswordAuthenticationFilter@21d5c1a0, org.springframework.security.web.savedrequest.RequestCacheAwareFilter@4b21844c, org.springframework.security.web.servletapi.SecurityContextHolderAwareRequestFilter@5e77f0f4, org.springframework.security.web.authentication.AnonymousAuthenticationFilter@5db99216, org.springframework.security.web.session.SessionManagementFilter@25f9407e, org.springframework.security.web.access.ExceptionTranslationFilter@6cea706c, org.springframework.security.web.access.intercept.FilterSecurityInterceptor@4da855dd]
2017-04-22 16:52:43.807  INFO 3669 --- [main] o.s.s.web.DefaultSecurityFilterChain     : Creating filter chain: OrRequestMatcher [requestMatchers=[Ant [pattern='/**']]], [org.springframework.security.web.context.request.async.WebAsyncManagerIntegrationFilter@3591009c, org.springframework.security.web.context.SecurityContextPersistenceFilter@560cbf1a, org.springframework.security.web.header.HeaderWriterFilter@56db847e, org.springframework.security.web.authentication.logout.LogoutFilter@578524c3, org.springframework.security.web.authentication.www.BasicAuthenticationFilter@64c2b546, org.springframework.security.web.savedrequest.RequestCacheAwareFilter@5fe8b721, org.springframework.security.web.servletapi.SecurityContextHolderAwareRequestFilter@551a20d6, org.springframework.security.web.authentication.AnonymousAuthenticationFilter@5398edd0, org.springframework.security.web.session.SessionManagementFilter@740abb5, org.springframework.security.web.access.ExceptionTranslationFilter@2755d705, org.springframework.security.web.access.intercept.FilterSecurityInterceptor@4152d38d]
2017-04-22 16:52:43.981  INFO 3669 --- [main] o.s.j.e.a.AnnotationMBeanExporter        : Registering beans for JMX exposure on startup
2017-04-22 16:52:44.064  INFO 3669 --- [main] s.b.c.e.t.TomcatEmbeddedServletContainer : Tomcat started on port(s): 9000 (http)
2017-04-22 16:52:44.072  INFO 3669 --- [main] com.example.DemoApplication              : Started DemoApplication in 9.883 seconds (JVM running for 10.732)
2017-04-22 16:52:46.579  INFO 3669 --- [http-nio-9000-exec-1] o.a.c.c.C.[Tomcat].[localhost].[/]       : Initializing Spring FrameworkServlet 'dispatcherServlet'
2017-04-22 16:52:46.579  INFO 3669 --- [http-nio-9000-exec-1] o.s.web.servlet.DispatcherServlet        : FrameworkServlet 'dispatcherServlet': initialization started
2017-04-22 16:52:46.610  INFO 3669 --- [http-nio-9000-exec-1] o.s.web.servlet.DispatcherServlet        : FrameworkServlet 'dispatcherServlet': initialization completed in 31 ms
2017-04-22 16:53:19.987  INFO 3669 --- [http-nio-9000-exec-7] com.example.config.LoginSuccessHandler   :  admin 
2017-04-22 16:53:19.988  INFO 3669 --- [http-nio-9000-exec-7] com.example.config.LoginSuccessHandler   : IP :192.168.10.245
2017-04-22 16:53:26.581  INFO 3669 --- [Thread-4] ationConfigEmbeddedWebApplicationContext : Closing org.springframework.boot.context.embedded.AnnotationConfigEmbeddedWebApplicationContext@6bf2d08e: startup date [Sat Apr 22 16:52:35 CST 2017]; root of context hierarchy
2017-04-22 16:53:26.584  INFO 3669 --- [Thread-4] o.s.j.e.a.AnnotationMBeanExporter        : Unregistering JMX-exposed beans on shutdown
2017-04-22 16:53:26.586  INFO 3669 --- [Thread-4] j.LocalContainerEntityManagerFactoryBean : Closing JPA EntityManagerFactory for persistence unit 'default'
2017-04-22 16:53:36.528  INFO 3672 --- [main] com.example.DemoApplication              : Starting DemoApplication v0.0.1-SNAPSHOT on ZeqiangdeMBP.lan with PID 3672 (/myfile/git/major/target/demo-0.0.1-SNAPSHOT.jar started by zqLuo in /myfile/git/major/target)
2017-04-22 16:53:36.532  INFO 3672 --- [main] com.example.DemoApplication              : The following profiles are active: dev
2017-04-22 16:53:36.926  INFO 3672 --- [main] ationConfigEmbeddedWebApplicationContext : Refreshing org.springframework.boot.context.embedded.AnnotationConfigEmbeddedWebApplicationContext@6bf2d08e: startup date [Sat Apr 22 16:53:36 CST 2017]; root of context hierarchy
2017-04-22 16:53:39.299  INFO 3672 --- [main] trationDelegate$BeanPostProcessorChecker : Bean 'org.springframework.transaction.annotation.ProxyTransactionManagementConfiguration' of type [org.springframework.transaction.annotation.ProxyTransactionManagementConfiguration$$EnhancerBySpringCGLIB$$29b719ca] is not eligible for getting processed by all BeanPostProcessors (for example: not eligible for auto-proxying)
2017-04-22 16:53:39.405  INFO 3672 --- [main] trationDelegate$BeanPostProcessorChecker : Bean 'org.springframework.security.config.annotation.configuration.ObjectPostProcessorConfiguration' of type [org.springframework.security.config.annotation.configuration.ObjectPostProcessorConfiguration$$EnhancerBySpringCGLIB$$c264e204] is not eligible for getting processed by all BeanPostProcessors (for example: not eligible for auto-proxying)
2017-04-22 16:53:39.425  INFO 3672 --- [main] trationDelegate$BeanPostProcessorChecker : Bean 'objectPostProcessor' of type [org.springframework.security.config.annotation.configuration.AutowireBeanFactoryObjectPostProcessor] is not eligible for getting processed by all BeanPostProcessors (for example: not eligible for auto-proxying)
2017-04-22 16:53:39.431  INFO 3672 --- [main] trationDelegate$BeanPostProcessorChecker : Bean 'org.springframework.security.access.expression.method.DefaultMethodSecurityExpressionHandler@7880cdf3' of type [org.springframework.security.oauth2.provider.expression.OAuth2MethodSecurityExpressionHandler] is not eligible for getting processed by all BeanPostProcessors (for example: not eligible for auto-proxying)
2017-04-22 16:53:39.462  INFO 3672 --- [main] trationDelegate$BeanPostProcessorChecker : Bean 'org.springframework.security.config.annotation.method.configuration.GlobalMethodSecurityConfiguration' of type [org.springframework.security.config.annotation.method.configuration.GlobalMethodSecurityConfiguration$$EnhancerBySpringCGLIB$$e73984b6] is not eligible for getting processed by all BeanPostProcessors (for example: not eligible for auto-proxying)
2017-04-22 16:53:39.486  INFO 3672 --- [main] trationDelegate$BeanPostProcessorChecker : Bean 'methodSecurityMetadataSource' of type [org.springframework.security.access.method.DelegatingMethodSecurityMetadataSource] is not eligible for getting processed by all BeanPostProcessors (for example: not eligible for auto-proxying)
2017-04-22 16:53:40.012  INFO 3672 --- [main] s.b.c.e.t.TomcatEmbeddedServletContainer : Tomcat initialized with port(s): 9000 (http)
2017-04-22 16:53:40.033  INFO 3672 --- [main] o.apache.catalina.core.StandardService   : Starting service Tomcat
2017-04-22 16:53:40.035  INFO 3672 --- [main] org.apache.catalina.core.StandardEngine  : Starting Servlet Engine: Apache Tomcat/8.5.11
2017-04-22 16:53:40.161  INFO 3672 --- [localhost-startStop-1] o.a.c.c.C.[Tomcat].[localhost].[/]       : Initializing Spring embedded WebApplicationContext
2017-04-22 16:53:40.161  INFO 3672 --- [localhost-startStop-1] o.s.web.context.ContextLoader            : Root WebApplicationContext: initialization completed in 3235 ms
2017-04-22 16:53:40.527  INFO 3672 --- [localhost-startStop-1] o.s.b.w.servlet.FilterRegistrationBean   : Mapping filter: 'characterEncodingFilter' to: [/*]
2017-04-22 16:53:40.528  INFO 3672 --- [localhost-startStop-1] o.s.b.w.servlet.FilterRegistrationBean   : Mapping filter: 'hiddenHttpMethodFilter' to: [/*]
2017-04-22 16:53:40.528  INFO 3672 --- [localhost-startStop-1] o.s.b.w.servlet.FilterRegistrationBean   : Mapping filter: 'httpPutFormContentFilter' to: [/*]
2017-04-22 16:53:40.534  INFO 3672 --- [localhost-startStop-1] .s.DelegatingFilterProxyRegistrationBean : Mapping filter: 'springSecurityFilterChain' to: [/*]
2017-04-22 16:53:40.534  INFO 3672 --- [localhost-startStop-1] o.s.b.w.servlet.ServletRegistrationBean  : Mapping servlet: 'dispatcherServlet' to [/]
2017-04-22 16:53:41.529  INFO 3672 --- [main] j.LocalContainerEntityManagerFactoryBean : Building JPA container EntityManagerFactory for persistence unit 'default'
2017-04-22 16:53:41.555  INFO 3672 --- [main] o.hibernate.jpa.internal.util.LogHelper  : HHH000204: Processing PersistenceUnitInfo [
	name: default
	...]
2017-04-22 16:53:41.695  INFO 3672 --- [main] org.hibernate.Version                    : HHH000412: Hibernate Core {5.0.12.Final}
2017-04-22 16:53:41.705  INFO 3672 --- [main] org.hibernate.cfg.Environment            : HHH000206: hibernate.properties not found
2017-04-22 16:53:41.708  INFO 3672 --- [main] org.hibernate.cfg.Environment            : HHH000021: Bytecode provider name : javassist
2017-04-22 16:53:41.801  INFO 3672 --- [main] o.hibernate.annotations.common.Version   : HCANN000001: Hibernate Commons Annotations {5.0.1.Final}
2017-04-22 16:53:42.109  INFO 3672 --- [main] org.hibernate.dialect.Dialect            : HHH000400: Using dialect: org.hibernate.dialect.MySQL5Dialect
2017-04-22 16:53:42.768  INFO 3672 --- [main] org.hibernate.tool.hbm2ddl.SchemaUpdate  : HHH000228: Running hbm2ddl schema update
2017-04-22 16:53:42.926  INFO 3672 --- [main] j.LocalContainerEntityManagerFactoryBean : Initialized JPA EntityManagerFactory for persistence unit 'default'
2017-04-22 16:53:43.766  INFO 3672 --- [main] o.h.h.i.QueryTranslatorFactoryInitiator  : HHH000397: Using ASTQueryTranslatorFactory
2017-04-22 16:53:45.241  INFO 3672 --- [main] s.w.s.m.m.a.RequestMappingHandlerAdapter : Looking for @ControllerAdvice: org.springframework.boot.context.embedded.AnnotationConfigEmbeddedWebApplicationContext@6bf2d08e: startup date [Sat Apr 22 16:53:36 CST 2017]; root of context hierarchy
2017-04-22 16:53:45.518  INFO 3672 --- [main] s.w.s.m.m.a.RequestMappingHandlerMapping : Mapped "{[/expressQuery/fetchCom]}" onto public com.example.API.express.FetchCom com.example.API.express.ExpressQueryController.fetchCom(java.lang.String)
2017-04-22 16:53:45.521  INFO 3672 --- [main] s.w.s.m.m.a.RequestMappingHandlerMapping : Mapped "{[/expressQuery/showapiExpInfo]}" onto public com.example.API.express.ShowapiExpInfo com.example.API.express.ExpressQueryController.showapiExpInfo(java.lang.String,java.lang.String)
2017-04-22 16:53:45.522  INFO 3672 --- [main] s.w.s.m.m.a.RequestMappingHandlerMapping : Mapped "{[/expressQuery/expressList]}" onto public com.example.API.express.ExpressList com.example.API.express.ExpressQueryController.expressList(java.lang.String,java.lang.String,java.lang.String)
2017-04-22 16:53:45.523  INFO 3672 --- [main] s.w.s.m.m.a.RequestMappingHandlerMapping : Mapped "{[/index]}" onto public java.lang.String com.example.controller.IndexController.index(org.springframework.ui.Model,org.apache.catalina.servlet4preview.http.HttpServletRequest)
2017-04-22 16:53:45.524  INFO 3672 --- [main] s.w.s.m.m.a.RequestMappingHandlerMapping : Mapped "{[/]}" onto public java.lang.String com.example.controller.IndexController.root(org.springframework.ui.Model,org.apache.catalina.servlet4preview.http.HttpServletRequest)
2017-04-22 16:53:45.526  INFO 3672 --- [main] s.w.s.m.m.a.RequestMappingHandlerMapping : Mapped "{[/403]}" onto public java.lang.String com.example.controller.IndexController.error()
2017-04-22 16:53:45.526  INFO 3672 --- [main] s.w.s.m.m.a.RequestMappingHandlerMapping : Mapped "{[/login]}" onto public java.lang.String com.example.controller.IndexController.login()
2017-04-22 16:53:45.528  INFO 3672 --- [main] s.w.s.m.m.a.RequestMappingHandlerMapping : Mapped "{[/error]}" onto public org.springframework.http.ResponseEntity<java.util.Map<java.lang.String, java.lang.Object>> org.springframework.boot.autoconfigure.web.BasicErrorController.error(javax.servlet.http.HttpServletRequest)
2017-04-22 16:53:45.529  INFO 3672 --- [main] s.w.s.m.m.a.RequestMappingHandlerMapping : Mapped "{[/error],produces=[text/html]}" onto public org.springframework.web.servlet.ModelAndView org.springframework.boot.autoconfigure.web.BasicErrorController.errorHtml(javax.servlet.http.HttpServletRequest,javax.servlet.http.HttpServletResponse)
2017-04-22 16:53:45.617  INFO 3672 --- [main] o.s.w.s.handler.SimpleUrlHandlerMapping  : Mapped URL path [/webjars/**] onto handler of type [class org.springframework.web.servlet.resource.ResourceHttpRequestHandler]
2017-04-22 16:53:45.617  INFO 3672 --- [main] o.s.w.s.handler.SimpleUrlHandlerMapping  : Mapped URL path [/**] onto handler of type [class org.springframework.web.servlet.resource.ResourceHttpRequestHandler]
2017-04-22 16:53:45.768  INFO 3672 --- [main] o.s.w.s.handler.SimpleUrlHandlerMapping  : Mapped URL path [/**/favicon.ico] onto handler of type [class org.springframework.web.servlet.resource.ResourceHttpRequestHandler]
2017-04-22 16:53:47.178  INFO 3672 --- [main] o.s.s.web.DefaultSecurityFilterChain     : Creating filter chain: OrRequestMatcher [requestMatchers=[Ant [pattern='/css/**'], Ant [pattern='/js/**'], Ant [pattern='/images/**'], Ant [pattern='/webjars/**'], Ant [pattern='/**/favicon.ico'], Ant [pattern='/error']]], []
2017-04-22 16:53:47.485  INFO 3672 --- [main] o.s.s.web.DefaultSecurityFilterChain     : Creating filter chain: org.springframework.security.web.util.matcher.AnyRequestMatcher@1, [org.springframework.security.web.context.request.async.WebAsyncManagerIntegrationFilter@182f1e9a, org.springframework.security.web.context.SecurityContextPersistenceFilter@7a56812e, org.springframework.security.web.header.HeaderWriterFilter@4e4efc1b, org.springframework.security.web.csrf.CsrfFilter@16423501, org.springframework.security.web.authentication.logout.LogoutFilter@43ed0ff3, org.springframework.security.web.authentication.UsernamePasswordAuthenticationFilter@b5cc23a, org.springframework.security.web.savedrequest.RequestCacheAwareFilter@7eb01b12, org.springframework.security.web.servletapi.SecurityContextHolderAwareRequestFilter@7e70bd39, org.springframework.security.web.authentication.AnonymousAuthenticationFilter@6928f576, org.springframework.security.web.session.SessionManagementFilter@7cc586a8, org.springframework.security.web.access.ExceptionTranslationFilter@307765b4, org.springframework.security.web.access.intercept.FilterSecurityInterceptor@5fe8b721]
2017-04-22 16:53:47.548  INFO 3672 --- [main] o.s.s.web.DefaultSecurityFilterChain     : Creating filter chain: OrRequestMatcher [requestMatchers=[Ant [pattern='/**']]], [org.springframework.security.web.context.request.async.WebAsyncManagerIntegrationFilter@5003041b, org.springframework.security.web.context.SecurityContextPersistenceFilter@e24ddd0, org.springframework.security.web.header.HeaderWriterFilter@4eeea57d, org.springframework.security.web.authentication.logout.LogoutFilter@5aabbb29, org.springframework.security.web.authentication.www.BasicAuthenticationFilter@72c927f1, org.springframework.security.web.savedrequest.RequestCacheAwareFilter@6f70f32f, org.springframework.security.web.servletapi.SecurityContextHolderAwareRequestFilter@548e76f1, org.springframework.security.web.authentication.AnonymousAuthenticationFilter@724bade8, org.springframework.security.web.session.SessionManagementFilter@780ec4a5, org.springframework.security.web.access.ExceptionTranslationFilter@61a002b1, org.springframework.security.web.access.intercept.FilterSecurityInterceptor@59a67c3a]
2017-04-22 16:53:47.928  INFO 3672 --- [main] o.s.j.e.a.AnnotationMBeanExporter        : Registering beans for JMX exposure on startup
2017-04-22 16:53:48.044  INFO 3672 --- [main] s.b.c.e.t.TomcatEmbeddedServletContainer : Tomcat started on port(s): 9000 (http)
2017-04-22 16:53:48.056  INFO 3672 --- [main] com.example.DemoApplication              : Started DemoApplication in 12.05 seconds (JVM running for 12.809)
2017-04-22 16:55:09.331  INFO 3672 --- [http-nio-9000-exec-1] o.a.c.c.C.[Tomcat].[localhost].[/]       : Initializing Spring FrameworkServlet 'dispatcherServlet'
2017-04-22 16:55:09.333  INFO 3672 --- [http-nio-9000-exec-1] o.s.web.servlet.DispatcherServlet        : FrameworkServlet 'dispatcherServlet': initialization started
2017-04-22 16:55:09.360  INFO 3672 --- [http-nio-9000-exec-1] o.s.web.servlet.DispatcherServlet        : FrameworkServlet 'dispatcherServlet': initialization completed in 27 ms
2017-04-22 16:55:11.435  INFO 3672 --- [http-nio-9000-exec-4] com.example.config.LoginSuccessHandler   :  admin 
2017-04-22 16:55:11.436  INFO 3672 --- [http-nio-9000-exec-4] com.example.config.LoginSuccessHandler   : IP :192.168.10.245
2017-04-22 16:55:36.213  INFO 3672 --- [Thread-4] ationConfigEmbeddedWebApplicationContext : Closing org.springframework.boot.context.embedded.AnnotationConfigEmbeddedWebApplicationContext@6bf2d08e: startup date [Sat Apr 22 16:53:36 CST 2017]; root of context hierarchy
2017-04-22 16:55:36.216  INFO 3672 --- [Thread-4] o.s.j.e.a.AnnotationMBeanExporter        : Unregistering JMX-exposed beans on shutdown
2017-04-22 16:55:36.218  INFO 3672 --- [Thread-4] j.LocalContainerEntityManagerFactoryBean : Closing JPA EntityManagerFactory for persistence unit 'default'
